#
# There is insufficient memory for the Java Runtime Environment to continue.
# Native memory allocation (mmap) failed to map 463470592 bytes for G1 virtual space
# Possible reasons:
#   The system is out of physical RAM or swap space
#   The process is running with CompressedOops enabled, and the Java Heap may be blocking the growth of the native heap
# Possible solutions:
#   Reduce memory load on the system
#   Increase physical memory or swap space
#   Check if swap backing store is full
#   Decrease Java heap size (-Xmx/-Xms)
#   Decrease number of Java threads
#   Decrease Java thread stack sizes (-Xss)
#   Set larger code cache with -XX:ReservedCodeCacheSize=
#   JVM is running with Zero Based Compressed Oops mode in which the Java heap is
#     placed in the first 32GB address space. The Java Heap base address is the
#     maximum limit for the native heap growth. Please use -XX:HeapBaseMinAddress
#     to set the Java Heap base and to place the Java Heap above 32GB virtual address.
# This output file may be truncated or incomplete.
#
#  Out of Memory Error (os_windows.cpp:3600), pid=23596, tid=6712
#
# JRE version: Java(TM) SE Runtime Environment (21.0.1+12) (build 21.0.1+12-LTS-29)
# Java VM: Java HotSpot(TM) 64-Bit Server VM (21.0.1+12-LTS-29, mixed mode, sharing, tiered, compressed oops, compressed class ptrs, g1 gc, windows-amd64)
# No core dump will be written. Minidumps are not enabled by default on client versions of Windows
#

---------------  S U M M A R Y ------------

Command Line: -XX:+ShowCodeDetailsInExceptionMessages RestServer

Host: 13th Gen Intel(R) Core(TM) i5-1335U, 12 cores, 15G,  Windows 11 , 64 bit Build 22621 (10.0.22621.3374)
Time: Tue Apr 30 16:59:21 2024 Paris, Madrid (heure duild 22621 (10.0.22621.3374) elapsed time: 9478.558297 seconds (0d 2h 37m 58s)

---------------  T H R E A D  ---------------

Current thread (0x0000013b2bda9280):  VMThread "VM Thread"          [id=6712, stack(0x000000160bc00000,0x000000160bd00000) (1024K)]

Stack: [0x000000160bc00000,0x000000160bd00000]
Native frames: (J=compiled Java code, j=interpreted, Vv=VM code, C=native code)
V  [jvm.dll+0x6c9029]
V  [jvm.dll+0x854b81]
V  [jvm.dll+0x856e5e]
V  [jvm.dll+0x857543]
V  [jvm.dll+0x280c06]
V  [jvm.dll+0x6c5715]
V  [jvm.dll+0x6ba10a]
V  [jvm.dll+0x3557ea]
V  [jvm.dll+0x35d436]
V  [jvm.dll+0x3ae1be]
V  [jvm.dll+0x3ae468]
V  [jvm.dll+0x3291fc]
V  [jvm.dll+0x329287]
V  [jvm.dll+0x36db3c]
V  [jvm.dll+0x36c33d]
V  [jvm.dll+0x328971]
V  [jvm.dll+0x32c2d6]
V  [jvm.dll+0x380b26]
V  [jvm.dll+0x85d048]
V  [jvm.dll+0x85e144]
V  [jvm.dll+0x85e680]
V  [jvm.dll+0x85e923]
V  [jvm.dll+0x7fd728]
V  [jvm.dll+0x6c777d]
C  [ucrtbase.dll+0x29333]
C  [KERNEL32.DLL+0x1257d]
C  [ntdll.dll+0x5aa48]

VM_Operation (0x000000160b3f7d40): CollectForMetadataAllocation, mode: safepoint, requested by thread 0x0000013b7238a970


---------------  P R O C E S S  ---------------

Threads class SMR info:
_java_thread_list=0x0000013b74cdccf0, length=31, elements={
0x0000013b2bdc7340, 0x0000013b2bdc7d70, 0x0000013b2bdc9b50, 0x0000013b2bdcc1d0,
0x0000013b2bdd8bc0, 0x0000013b2bddb240, 0x0000013b2bddbbe0, 0x0000013b2bddf790,
0x0000013b2c274450, 0x0000013b2c27b2a0, 0x0000013b725a1660, 0x0000013b72335b10,
0x0000013b72336180, 0x0000013b720f9c20, 0x0000013b720fa290, 0x0000013b720fad00,
0x0000013b720fb370, 0x0000013b7238bd20, 0x0000013b7238b690, 0x0000013b7238c3b0,
0x0000013b7238d760, 0x0000013b7238ddf0, 0x0000013b7238ca40, 0x0000013b7238b000,
0x0000013b7238a970, 0x0000013b7238d0d0, 0x0000013b2ca9df40, 0x0000013b2ca9be70,
0x0000013b2ca99710, 0x0000013b2ca9ec60, 0x0000013b737e4200
}

Java Threads: ( => current thread )
  0x0000013b2bdc7340 JavaThread "Reference Handler"          daemon [_thread_blocked, id=21164, stack(0x000000160bd00000,0x000000160be00000) (1024K)]
  0x0000013b2bdc7d70 JavaThread "Finalizer"                  daemon [_thread_blocked, id=24916, stack(0x000000160be00000,0x000000160bf00000) (1024K)]
  0x0000013b2bdc9b50 JavaThread "Signal Dispatcher"          daemon [_thread_blocked, id=2744, stack(0x000000160bf00000,0x000000160c000000) (1024K)]
  0x0000013b2bdcc1d0 JavaThread "Attach Listener"            daemon [_thread_blocked, id=3932, stack(0x000000160c000000,0x000000160c100000) (1024K)]
  0x0000013b2bdd8bc0 JavaThread "Service Thread"             daemon [_thread_blocked, id=23464, stack(0x000000160c100000,0x000000160c200000) (1024K)]
  0x0000013b2bddb240 JavaThread "Monitor Deflation Thread"   daemon [_thread_blocked, id=6324, stack(0x000000160c200000,0x000000160c300000) (1024K)]
  0x0000013b2bddbbe0 JavaThread "C2 CompilerThread0"         daemon [_thread_blocked, id=22340, stack(0x000000160c300000,0x000000160c400000) (1024K)]
  0x0000013b2bddf790 JavaThread "C1 CompilerThread0"         daemon [_thread_blocked, id=20448, stack(0x000000160c400000,0x000000160c500000) (1024K)]
  0x0000013b2c274450 JavaThread "Notification Thread"        daemon [_thread_blocked, id=16300, stack(0x000000160c500000,0x000000160c600000) (1024K)]
  0x0000013b2c27b2a0 JavaThread "Common-Cleaner"             daemon [_thread_blocked, id=21296, stack(0x000000160c600000,0x000000160c700000) (1024K)]
  0x0000013b725a1660 JavaThread "XNIO-1 I/O-1"                      [_thread_in_native, id=2372, stack(0x000000160cf00000,0x000000160d000000) (1024K)]
  0x0000013b72335b10 JavaThread "XNIO-1 I/O-2"                      [_thread_in_native, id=18352, stack(0x000000160d000000,0x000000160d100000) (1024K)]
  0x0000013b72336180 JavaThread "XNIO-1 I/O-3"                      [_thread_in_native, id=24620, stack(0x000000160d100000,0x000000160d200000) (1024K)]
  0x0000013b720f9c20 JavaThread "XNIO-1 I/O-4"                      [_thread_in_native, id=1840, stack(0x000000160d200000,0x000000160d300000) (1024K)]
  0x0000013b720fa290 JavaThread "XNIO-1 I/O-5"                      [_thread_in_native, id=4640, stack(0x000000160d300000,0x000000160d400000) (1024K)]
  0x0000013b720fad00 JavaThread "XNIO-1 I/O-6"                      [_thread_in_native, id=21664, stack(0x000000160d400000,0x000000160d500000) (1024K)]
  0x0000013b720fb370 JavaThread "XNIO-1 I/O-7"                      [_thread_in_native, id=13564, stack(0x000000160d500000,0x000000160d600000) (1024K)]
  0x0000013b7238bd20 JavaThread "XNIO-1 I/O-8"                      [_thread_in_native, id=19188, stack(0x000000160d600000,0x000000160d700000) (1024K)]
  0x0000013b7238b690 JavaThread "XNIO-1 I/O-9"                      [_thread_in_native, id=20348, stack(0x000000160d700000,0x000000160d800000) (1024K)]
  0x0000013b7238c3b0 JavaThread "XNIO-1 I/O-10"                     [_thread_in_native, id=14332, stack(0x000000160d800000,0x000000160d900000) (1024K)]
  0x0000013b7238d760 JavaThread "XNIO-1 I/O-11"                     [_thread_in_native, id=17724, stack(0x000000160d900000,0x000000160da00000) (1024K)]
  0x0000013b7238ddf0 JavaThread "XNIO-1 I/O-12"                     [_thread_in_native, id=18868, stack(0x000000160da00000,0x000000160db00000) (1024K)]
  0x0000013b7238ca40 JavaThread "XNIO-1 Accept"                     [_thread_in_native, id=15156, stack(0x000000160db00000,0x000000160dc00000) (1024K)]
  0x0000013b7238b000 JavaThread "DestroyJavaVM"                     [_thread_blocked, id=26360, stack(0x000000160b500000,0x000000160b600000) (1024K)]
  0x0000013b7238a970 JavaThread "XNIO-1 task-2"                     [_thread_blocked, id=13588, stack(0x000000160b300000,0x000000160b400000) (1024K)]
  0x0000013b7238d0d0 JavaThread "XNIO-1 task-3"                     [_thread_blocked, id=4236, stack(0x000000160b400000,0x000000160b500000) (1024K)]
  0x0000013b2ca9df40 JavaThread "XNIO-1 task-4"                     [_thread_blocked, id=3732, stack(0x000000160c700000,0x000000160c800000) (1024K)]
  0x0000013b2ca9be70 JavaThread "XNIO-1 task-5"                     [_thread_blocked, id=12944, stack(0x000000160dc00000,0x000000160dd00000) (1024K)]
  0x0000013b2ca99710 JavaThread "XNIO-1 task-6"                     [_thread_blocked, id=2520, stack(0x000000160dd00000,0x000000160de00000) (1024K)]
  0x0000013b2ca9ec60 JavaThread "mysql-cj-abandoned-connection-cleanup" daemon [_thread_blocked, id=21772, stack(0x000000160e200000,0x000000160e300000) (1024K)]
  0x0000013b737e4200 JavaThread "Hibernate Connection Pool Validation Thread" daemon [_thread_blocked, id=12460, stack(0x000000160e400000,0x000000160e500000) (1024K)]
Total: 31

Other Threads:
=>0x0000013b2bda9280 VMThread "VM Thread"                           [id=6712, stack(0x000000160bc00000,0x000000160bd00000) (1024K)]
  0x0000013b2bd90290 WatcherThread "VM Periodic Task Thread"        [id=16540, stack(0x000000160bb00000,0x000000160bc00000) (1024K)]
  0x0000013b0cbf3210 WorkerThread "GC Thread#0"                     [id=25936, stack(0x000000160b600000,0x000000160b700000) (1024K)]
  0x0000013b720cec30 WorkerThread "GC Thread#1"                     [id=25668, stack(0x000000160c800000,0x000000160c900000) (1024K)]
  0x0000013b72091550 WorkerThread "GC Thread#2"                     [id=4668, stack(0x000000160c900000,0x000000160ca00000) (1024K)]
  0x0000013b720918f0 WorkerThread "GC Thread#3"                     [id=8616, stack(0x000000160ca00000,0x000000160cb00000) (1024K)]
  0x0000013b72091c90 WorkerThread "GC Thread#4"                     [id=24720, stack(0x000000160cb00000,0x000000160cc00000) (1024K)]
  0x0000013b72092030 WorkerThread "GC Thread#5"                     [id=2920, stack(0x000000160cc00000,0x000000160cd00000) (1024K)]
  0x0000013b720f4ba0 WorkerThread "GC Thread#6"                     [id=14284, stack(0x000000160cd00000,0x000000160ce00000) (1024K)]
  0x0000013b720f5350 WorkerThread "GC Thread#7"                     [id=6828, stack(0x000000160ce00000,0x000000160cf00000) (1024K)]
  0x0000013b72b96c30 WorkerThread "GC Thread#8"                     [id=18680, stack(0x000000160de00000,0x000000160df00000) (1024K)]
  0x0000013b726f29c0 WorkerThread "GC Thread#9"                     [id=22896, stack(0x000000160df00000,0x000000160e000000) (1024K)]
  0x0000013b0cc03b50 ConcurrentGCThread "G1 Main Marker"            [id=15604, stack(0x000000160b700000,0x000000160b800000) (1024K)]
  0x0000013b0cc04710 WorkerThread "G1 Conc#0"                       [id=20660, stack(0x000000160b800000,0x000000160b900000) (1024K)]
  0x0000013b72d37cb0 WorkerThread "G1 Conc#1"                       [id=21964, stack(0x000000160e000000,0x000000160e100000) (1024K)]
  0x0000013b72d0a830 WorkerThread "G1 Conc#2"                       [id=12140, stack(0x000000160e100000,0x000000160e200000) (1024K)]
  0x0000013b2bc66370 ConcurrentGCThread "G1 Refine#0"               [id=13596, stack(0x000000160b900000,0x000000160ba00000) (1024K)]
  0x0000013b2bc66950 ConcurrentGCThread "G1 Service"                [id=14892, stack(0x000000160ba00000,0x000000160bb00000) (1024K)]
Total: 18

Threads with active compile tasks:
Total: 0

VM state: at safepoint (normal execution)

VM Mutex/Monitor currently owned by a thread:  ([mutex/lock_event])
[0x00007ff84515a5f8] Threads_lock - owner thread: 0x0000013b2bda9280
[0x00007ff84515a6f8] Heap_lock - owner thread: 0x0000013b7238a970

Heap address: 0x0000000705a00000, size: 4006 MB, Compressed Oops mode: Zero based, Oop shift amount: 3

CDS archive(s) mapped at: [0x0000013b2d000000-0x0000013b2dc90000-0x0000013b2dc90000), size 13172736, SharedBaseAddress: 0x0000013b2d000000, ArchiveRelocationMode: 1.
Compressed class space mapped at: 0x0000013b2e000000-0x0000013b6e000000, reserved size: 1073741824
Narrow klass base: 0x0000013b2d000000, Narrow klass shift: 0, Narrow klass range: 0x100000000

GC Precious Log:
 CardTable entry size: 512
 Card Set container configuration: InlinePtr #cards 4 size 8 Array Of Cards #cards 16 size 48 Howl #buckets 8 coarsen threshold 3686 Howl Bitmap #cards 512 size 80 coarsen threshold 460 Card regions per heap region 1 cards per card region 4096
 CPUs: 12 total, 12 available
 Memory: 16016M
 Large Page Support: Disabled
 NUMA Support: Disabled
 Compressed Oops: Enabled (Zero based)
 Heap Region Size: 2M
 Heap Min Capacity: 8M
 Heap Initial Capacity: 252M
 Heap Max Capacity: 4006M
 Pre-touch: Disabled
 Parallel Workers: 10
 Concurrent Workers: 3
 Concurrent Refinement Workers: 10
 Periodic GC: Disabled

Heap:
 garbage-first heap   total 405504K, used 146641K [0x0000000705a00000, 0x0000000800000000)
  region size 2048K, 3 young (6144K), 3 survivors (6144K)
 Metaspace       used 60519K, committed 60928K, reserved 1114112K
  class space    used 7535K, committed 7744K, reserved 1048576K

Heap Regions: E=young(eden), S=young(survivor), O=old, HS=humongous(starts), HC=humongous(continues), CS=collection set, F=free, TAMS=top-at-mark-start, PB=parsable bottom
|   0|0x0000000705a00000, 0x0000000705c00000, 0x0000000705c00000|100%| O|  |TAMS 0x0000000705c00000| PB 0x0000000705a00000| Untracked 
|   1|0x0000000705c00000, 0x0000000705e00000, 0x0000000705e00000|100%| O|  |TAMS 0x0000000705e00000| PB 0x0000000705c00000| Untracked 
|   2|0x0000000705e00000, 0x0000000706000000, 0x0000000706000000|100%| O|  |TAMS 0x0000000706000000| PB 0x0000000705e00000| Untracked 
|   3|0x0000000706000000, 0x0000000706200000, 0x0000000706200000|100%| O|  |TAMS 0x0000000706200000| PB 0x0000000706000000| Untracked 
|   4|0x0000000706200000, 0x0000000706400000, 0x0000000706400000|100%| O|  |TAMS 0x0000000706400000| PB 0x0000000706200000| Untracked 
|   5|0x0000000706400000, 0x0000000706600000, 0x0000000706600000|100%| O|  |TAMS 0x0000000706600000| PB 0x0000000706400000| Untracked 
|   6|0x0000000706600000, 0x0000000706800000, 0x0000000706800000|100%| O|  |TAMS 0x0000000706800000| PB 0x0000000706600000| Untracked 
|   7|0x0000000706800000, 0x0000000706a00000, 0x0000000706a00000|100%| O|  |TAMS 0x0000000706a00000| PB 0x0000000706800000| Untracked 
|   8|0x0000000706a00000, 0x0000000706c00000, 0x0000000706c00000|100%| O|  |TAMS 0x0000000706c00000| PB 0x0000000706a00000| Untracked 
|   9|0x0000000706c00000, 0x0000000706e00000, 0x0000000706e00000|100%| O|  |TAMS 0x0000000706e00000| PB 0x0000000706c00000| Untracked 
|  10|0x0000000706e00000, 0x0000000707000000, 0x0000000707000000|100%| O|  |TAMS 0x0000000707000000| PB 0x0000000706e00000| Untracked 
|  11|0x0000000707000000, 0x0000000707200000, 0x0000000707200000|100%| O|  |TAMS 0x0000000707200000| PB 0x0000000707000000| Untracked 
|  12|0x0000000707200000, 0x0000000707400000, 0x0000000707400000|100%| O|  |TAMS 0x0000000707400000| PB 0x0000000707200000| Untracked 
|  13|0x0000000707400000, 0x0000000707600000, 0x0000000707600000|100%| O|  |TAMS 0x0000000707600000| PB 0x0000000707400000| Untracked 
|  14|0x0000000707600000, 0x0000000707800000, 0x0000000707800000|100%| O|  |TAMS 0x0000000707800000| PB 0x0000000707600000| Untracked 
|  15|0x0000000707800000, 0x0000000707a00000, 0x0000000707a00000|100%| O|  |TAMS 0x0000000707a00000| PB 0x0000000707800000| Untracked 
|  16|0x0000000707a00000, 0x0000000707a00000, 0x0000000707c00000|  0%| F|  |TAMS 0x0000000707a00000| PB 0x0000000707a00000| Untracked 
|  17|0x0000000707c00000, 0x0000000707c00000, 0x0000000707e00000|  0%| F|  |TAMS 0x0000000707c00000| PB 0x0000000707c00000| Untracked 
|  18|0x0000000707e00000, 0x0000000708000000, 0x0000000708000000|100%| O|  |TAMS 0x0000000708000000| PB 0x0000000707e00000| Untracked 
|  19|0x0000000708000000, 0x0000000708000000, 0x0000000708200000|  0%| F|  |TAMS 0x0000000708000000| PB 0x0000000708000000| Untracked 
|  20|0x0000000708200000, 0x0000000708400000, 0x0000000708400000|100%| O|  |TAMS 0x0000000708400000| PB 0x0000000708200000| Untracked 
|  21|0x0000000708400000, 0x0000000708600000, 0x0000000708600000|100%| O|  |TAMS 0x0000000708600000| PB 0x0000000708400000| Untracked 
|  22|0x0000000708600000, 0x0000000708600000, 0x0000000708800000|  0%| F|  |TAMS 0x0000000708600000| PB 0x0000000708600000| Untracked 
|  23|0x0000000708800000, 0x0000000708a00000, 0x0000000708a00000|100%| O|  |TAMS 0x0000000708a00000| PB 0x0000000708800000| Untracked 
|  24|0x0000000708a00000, 0x0000000708c00000, 0x0000000708c00000|100%| O|  |TAMS 0x0000000708c00000| PB 0x0000000708a00000| Untracked 
|  25|0x0000000708c00000, 0x0000000708c00000, 0x0000000708e00000|  0%| F|  |TAMS 0x0000000708c00000| PB 0x0000000708c00000| Untracked 
|  26|0x0000000708e00000, 0x0000000709000000, 0x0000000709000000|100%| O|  |TAMS 0x0000000709000000| PB 0x0000000708e00000| Untracked 
|  27|0x0000000709000000, 0x0000000709200000, 0x0000000709200000|100%| O|  |TAMS 0x0000000709200000| PB 0x0000000709000000| Untracked 
|  28|0x0000000709200000, 0x0000000709400000, 0x0000000709400000|100%| O|  |TAMS 0x0000000709400000| PB 0x0000000709200000| Untracked 
|  29|0x0000000709400000, 0x0000000709400000, 0x0000000709600000|  0%| F|  |TAMS 0x0000000709400000| PB 0x0000000709400000| Untracked 
|  30|0x0000000709600000, 0x0000000709600000, 0x0000000709800000|  0%| F|  |TAMS 0x0000000709600000| PB 0x0000000709600000| Untracked 
|  31|0x0000000709800000, 0x0000000709800000, 0x0000000709a00000|  0%| F|  |TAMS 0x0000000709800000| PB 0x0000000709800000| Untracked 
|  32|0x0000000709a00000, 0x0000000709c00000, 0x0000000709c00000|100%| O|  |TAMS 0x0000000709c00000| PB 0x0000000709a00000| Untracked 
|  33|0x0000000709c00000, 0x0000000709e00000, 0x0000000709e00000|100%| O|  |TAMS 0x0000000709e00000| PB 0x0000000709c00000| Untracked 
|  34|0x0000000709e00000, 0x000000070a000000, 0x000000070a000000|100%| O|  |TAMS 0x000000070a000000| PB 0x0000000709e00000| Untracked 
|  35|0x000000070a000000, 0x000000070a000000, 0x000000070a200000|  0%| F|  |TAMS 0x000000070a000000| PB 0x000000070a000000| Untracked 
|  36|0x000000070a200000, 0x000000070a200000, 0x000000070a400000|  0%| F|  |TAMS 0x000000070a200000| PB 0x000000070a200000| Untracked 
|  37|0x000000070a400000, 0x000000070a400000, 0x000000070a600000|  0%| F|  |TAMS 0x000000070a400000| PB 0x000000070a400000| Untracked 
|  38|0x000000070a600000, 0x000000070a800000, 0x000000070a800000|100%| O|  |TAMS 0x000000070a800000| PB 0x000000070a600000| Untracked 
|  39|0x000000070a800000, 0x000000070aa00000, 0x000000070aa00000|100%| O|  |TAMS 0x000000070aa00000| PB 0x000000070a800000| Untracked 
|  40|0x000000070aa00000, 0x000000070ac00000, 0x000000070ac00000|100%| O|  |TAMS 0x000000070ac00000| PB 0x000000070aa00000| Untracked 
|  41|0x000000070ac00000, 0x000000070ae00000, 0x000000070ae00000|100%| O|  |TAMS 0x000000070ae00000| PB 0x000000070ac00000| Untracked 
|  42|0x000000070ae00000, 0x000000070b000000, 0x000000070b000000|100%|HS|  |TAMS 0x000000070b000000| PB 0x000000070ae00000| Complete 
|  43|0x000000070b000000, 0x000000070b200000, 0x000000070b200000|100%|HC|  |TAMS 0x000000070b200000| PB 0x000000070b000000| Complete 
|  44|0x000000070b200000, 0x000000070b400000, 0x000000070b400000|100%| O|  |TAMS 0x000000070b400000| PB 0x000000070b200000| Untracked 
|  45|0x000000070b400000, 0x000000070b600000, 0x000000070b600000|100%| O|  |TAMS 0x000000070b600000| PB 0x000000070b400000| Untracked 
|  46|0x000000070b600000, 0x000000070b800000, 0x000000070b800000|100%| O|  |TAMS 0x000000070b800000| PB 0x000000070b600000| Untracked 
|  47|0x000000070b800000, 0x000000070b800000, 0x000000070ba00000|  0%| F|  |TAMS 0x000000070b800000| PB 0x000000070b800000| Untracked 
|  48|0x000000070ba00000, 0x000000070ba00000, 0x000000070bc00000|  0%| F|  |TAMS 0x000000070ba00000| PB 0x000000070ba00000| Untracked 
|  49|0x000000070bc00000, 0x000000070bc00000, 0x000000070be00000|  0%| F|  |TAMS 0x000000070bc00000| PB 0x000000070bc00000| Untracked 
|  50|0x000000070be00000, 0x000000070c000000, 0x000000070c000000|100%| O|  |TAMS 0x000000070c000000| PB 0x000000070be00000| Untracked 
|  51|0x000000070c000000, 0x000000070c200000, 0x000000070c200000|100%| O|  |TAMS 0x000000070c200000| PB 0x000000070c000000| Untracked 
|  52|0x000000070c200000, 0x000000070c400000, 0x000000070c400000|100%| O|  |TAMS 0x000000070c400000| PB 0x000000070c200000| Untracked 
|  53|0x000000070c400000, 0x000000070c400000, 0x000000070c600000|  0%| F|  |TAMS 0x000000070c400000| PB 0x000000070c400000| Untracked 
|  54|0x000000070c600000, 0x000000070c800000, 0x000000070c800000|100%| O|  |TAMS 0x000000070c800000| PB 0x000000070c600000| Untracked 
|  55|0x000000070c800000, 0x000000070ca00000, 0x000000070ca00000|100%| O|  |TAMS 0x000000070ca00000| PB 0x000000070c800000| Untracked 
|  56|0x000000070ca00000, 0x000000070cc00000, 0x000000070cc00000|100%| O|  |TAMS 0x000000070cc00000| PB 0x000000070ca00000| Untracked 
|  57|0x000000070cc00000, 0x000000070cc00000, 0x000000070ce00000|  0%| F|  |TAMS 0x000000070cc00000| PB 0x000000070cc00000| Untracked 
|  58|0x000000070ce00000, 0x000000070ce00000, 0x000000070d000000|  0%| F|  |TAMS 0x000000070ce00000| PB 0x000000070ce00000| Untracked 
|  59|0x000000070d000000, 0x000000070d000000, 0x000000070d200000|  0%| F|  |TAMS 0x000000070d000000| PB 0x000000070d000000| Untracked 
|  60|0x000000070d200000, 0x000000070d200000, 0x000000070d400000|  0%| F|  |TAMS 0x000000070d200000| PB 0x000000070d200000| Untracked 
|  61|0x000000070d400000, 0x000000070d400000, 0x000000070d600000|  0%| F|  |TAMS 0x000000070d400000| PB 0x000000070d400000| Untracked 
|  62|0x000000070d600000, 0x000000070d800000, 0x000000070d800000|100%| O|  |TAMS 0x000000070d800000| PB 0x000000070d600000| Untracked 
|  63|0x000000070d800000, 0x000000070da00000, 0x000000070da00000|100%| O|  |TAMS 0x000000070da00000| PB 0x000000070d800000| Untracked 
|  64|0x000000070da00000, 0x000000070dc00000, 0x000000070dc00000|100%| O|  |TAMS 0x000000070dc00000| PB 0x000000070da00000| Untracked 
|  65|0x000000070dc00000, 0x000000070de00000, 0x000000070de00000|100%| O|  |TAMS 0x000000070de00000| PB 0x000000070dc00000| Untracked 
|  66|0x000000070de00000, 0x000000070e000000, 0x000000070e000000|100%| O|  |TAMS 0x000000070e000000| PB 0x000000070de00000| Untracked 
|  67|0x000000070e000000, 0x000000070e200000, 0x000000070e200000|100%| O|  |TAMS 0x000000070e200000| PB 0x000000070e000000| Untracked 
|  68|0x000000070e200000, 0x000000070e400000, 0x000000070e400000|100%| O|  |TAMS 0x000000070e400000| PB 0x000000070e200000| Untracked 
|  69|0x000000070e400000, 0x000000070e600000, 0x000000070e600000|100%| O|  |TAMS 0x000000070e600000| PB 0x000000070e400000| Untracked 
|  70|0x000000070e600000, 0x000000070e800000, 0x000000070e800000|100%| O|  |TAMS 0x000000070e800000| PB 0x000000070e600000| Untracked 
|  71|0x000000070e800000, 0x000000070ea00000, 0x000000070ea00000|100%| O|  |TAMS 0x000000070ea00000| PB 0x000000070e800000| Untracked 
|  72|0x000000070ea00000, 0x000000070ec00000, 0x000000070ec00000|100%| O|  |TAMS 0x000000070ec00000| PB 0x000000070ea00000| Untracked 
|  73|0x000000070ec00000, 0x000000070ee00000, 0x000000070ee00000|100%| O|  |TAMS 0x000000070ee00000| PB 0x000000070ec00000| Untracked 
|  74|0x000000070ee00000, 0x000000070f000000, 0x000000070f000000|100%| O|  |TAMS 0x000000070f000000| PB 0x000000070ee00000| Untracked 
|  75|0x000000070f000000, 0x000000070f200000, 0x000000070f200000|100%| O|  |TAMS 0x000000070f200000| PB 0x000000070f000000| Untracked 
|  76|0x000000070f200000, 0x000000070f400000, 0x000000070f400000|100%| O|  |TAMS 0x000000070f400000| PB 0x000000070f200000| Untracked 
|  77|0x000000070f400000, 0x000000070f600000, 0x000000070f600000|100%| O|  |TAMS 0x000000070f600000| PB 0x000000070f400000| Untracked 
|  78|0x000000070f600000, 0x000000070f800000, 0x000000070f800000|100%| O|  |TAMS 0x000000070f800000| PB 0x000000070f600000| Untracked 
|  79|0x000000070f800000, 0x000000070fa00000, 0x000000070fa00000|100%| O|  |TAMS 0x000000070fa00000| PB 0x000000070f800000| Untracked 
|  80|0x000000070fa00000, 0x000000070fc00000, 0x000000070fc00000|100%| O|  |TAMS 0x000000070fc00000| PB 0x000000070fa00000| Untracked 
|  81|0x000000070fc00000, 0x000000070fe00000, 0x000000070fe00000|100%| O|  |TAMS 0x000000070fe00000| PB 0x000000070fc00000| Untracked 
|  82|0x000000070fe00000, 0x0000000710000000, 0x0000000710000000|100%| O|  |TAMS 0x0000000710000000| PB 0x000000070fe00000| Untracked 
|  83|0x0000000710000000, 0x0000000710200000, 0x0000000710200000|100%| O|  |TAMS 0x0000000710200000| PB 0x0000000710000000| Untracked 
|  84|0x0000000710200000, 0x0000000710400000, 0x0000000710400000|100%| O|  |TAMS 0x0000000710400000| PB 0x0000000710200000| Untracked 
|  85|0x0000000710400000, 0x0000000710600000, 0x0000000710600000|100%| O|  |TAMS 0x0000000710600000| PB 0x0000000710400000| Untracked 
|  86|0x0000000710600000, 0x0000000710800000, 0x0000000710800000|100%| O|  |TAMS 0x0000000710800000| PB 0x0000000710600000| Untracked 
|  87|0x0000000710800000, 0x0000000710a00000, 0x0000000710a00000|100%| O|  |TAMS 0x0000000710a00000| PB 0x0000000710800000| Untracked 
|  88|0x0000000710a00000, 0x0000000710c00000, 0x0000000710c00000|100%| O|  |TAMS 0x0000000710c00000| PB 0x0000000710a00000| Untracked 
|  89|0x0000000710c00000, 0x0000000710c00000, 0x0000000710e00000|  0%| F|  |TAMS 0x0000000710c00000| PB 0x0000000710c00000| Untracked 
|  90|0x0000000710e00000, 0x0000000710e00000, 0x0000000711000000|  0%| F|  |TAMS 0x0000000710e00000| PB 0x0000000710e00000| Untracked 
|  91|0x0000000711000000, 0x0000000711000000, 0x0000000711200000|  0%| F|  |TAMS 0x0000000711000000| PB 0x0000000711000000| Untracked 
|  92|0x0000000711200000, 0x0000000711200000, 0x0000000711400000|  0%| F|  |TAMS 0x0000000711200000| PB 0x0000000711200000| Untracked 
|  93|0x0000000711400000, 0x0000000711400000, 0x0000000711600000|  0%| F|  |TAMS 0x0000000711400000| PB 0x0000000711400000| Untracked 
|  94|0x0000000711600000, 0x0000000711600000, 0x0000000711800000|  0%| F|  |TAMS 0x0000000711600000| PB 0x0000000711600000| Untracked 
|  95|0x0000000711800000, 0x0000000711800000, 0x0000000711a00000|  0%| F|  |TAMS 0x0000000711800000| PB 0x0000000711800000| Untracked 
|  96|0x0000000711a00000, 0x0000000711a00000, 0x0000000711c00000|  0%| F|  |TAMS 0x0000000711a00000| PB 0x0000000711a00000| Untracked 
|  97|0x0000000711c00000, 0x0000000711c00000, 0x0000000711e00000|  0%| F|  |TAMS 0x0000000711c00000| PB 0x0000000711c00000| Untracked 
|  98|0x0000000711e00000, 0x0000000711e00000, 0x0000000712000000|  0%| F|  |TAMS 0x0000000711e00000| PB 0x0000000711e00000| Untracked 
|  99|0x0000000712000000, 0x0000000712000000, 0x0000000712200000|  0%| F|  |TAMS 0x0000000712000000| PB 0x0000000712000000| Untracked 
| 100|0x0000000712200000, 0x0000000712200000, 0x0000000712400000|  0%| F|  |TAMS 0x0000000712200000| PB 0x0000000712200000| Untracked 
| 101|0x0000000712400000, 0x0000000712400000, 0x0000000712600000|  0%| F|  |TAMS 0x0000000712400000| PB 0x0000000712400000| Untracked 
| 102|0x0000000712600000, 0x0000000712600000, 0x0000000712800000|  0%| F|  |TAMS 0x0000000712600000| PB 0x0000000712600000| Untracked 
| 103|0x0000000712800000, 0x0000000712800000, 0x0000000712a00000|  0%| F|  |TAMS 0x0000000712800000| PB 0x0000000712800000| Untracked 
| 104|0x0000000712a00000, 0x0000000712a00000, 0x0000000712c00000|  0%| F|  |TAMS 0x0000000712a00000| PB 0x0000000712a00000| Untracked 
| 105|0x0000000712c00000, 0x0000000712c00000, 0x0000000712e00000|  0%| F|  |TAMS 0x0000000712c00000| PB 0x0000000712c00000| Untracked 
| 106|0x0000000712e00000, 0x0000000712e00000, 0x0000000713000000|  0%| F|  |TAMS 0x0000000712e00000| PB 0x0000000712e00000| Untracked 
| 107|0x0000000713000000, 0x0000000713000000, 0x0000000713200000|  0%| F|  |TAMS 0x0000000713000000| PB 0x0000000713000000| Untracked 
| 108|0x0000000713200000, 0x0000000713200000, 0x0000000713400000|  0%| F|  |TAMS 0x0000000713200000| PB 0x0000000713200000| Untracked 
| 109|0x0000000713400000, 0x0000000713400000, 0x0000000713600000|  0%| F|  |TAMS 0x0000000713400000| PB 0x0000000713400000| Untracked 
| 110|0x0000000713600000, 0x0000000713600000, 0x0000000713800000|  0%| F|  |TAMS 0x0000000713600000| PB 0x0000000713600000| Untracked 
| 111|0x0000000713800000, 0x0000000713800000, 0x0000000713a00000|  0%| F|  |TAMS 0x0000000713800000| PB 0x0000000713800000| Untracked 
| 112|0x0000000713a00000, 0x0000000713a00000, 0x0000000713c00000|  0%| F|  |TAMS 0x0000000713a00000| PB 0x0000000713a00000| Untracked 
| 113|0x0000000713c00000, 0x0000000713c00000, 0x0000000713e00000|  0%| F|  |TAMS 0x0000000713c00000| PB 0x0000000713c00000| Untracked 
| 114|0x0000000713e00000, 0x0000000713e00000, 0x0000000714000000|  0%| F|  |TAMS 0x0000000713e00000| PB 0x0000000713e00000| Untracked 
| 115|0x0000000714000000, 0x0000000714000000, 0x0000000714200000|  0%| F|  |TAMS 0x0000000714000000| PB 0x0000000714000000| Untracked 
| 116|0x0000000714200000, 0x0000000714200000, 0x0000000714400000|  0%| F|  |TAMS 0x0000000714200000| PB 0x0000000714200000| Untracked 
| 117|0x0000000714400000, 0x0000000714400000, 0x0000000714600000|  0%| F|  |TAMS 0x0000000714400000| PB 0x0000000714400000| Untracked 
| 118|0x0000000714600000, 0x0000000714600000, 0x0000000714800000|  0%| F|  |TAMS 0x0000000714600000| PB 0x0000000714600000| Untracked 
| 119|0x0000000714800000, 0x0000000714800000, 0x0000000714a00000|  0%| F|  |TAMS 0x0000000714800000| PB 0x0000000714800000| Untracked 
| 120|0x0000000714a00000, 0x0000000714a00000, 0x0000000714c00000|  0%| F|  |TAMS 0x0000000714a00000| PB 0x0000000714a00000| Untracked 
| 121|0x0000000714c00000, 0x0000000714c00000, 0x0000000714e00000|  0%| F|  |TAMS 0x0000000714c00000| PB 0x0000000714c00000| Untracked 
| 122|0x0000000714e00000, 0x0000000714e00000, 0x0000000715000000|  0%| F|  |TAMS 0x0000000714e00000| PB 0x0000000714e00000| Untracked 
| 123|0x0000000715000000, 0x0000000715000000, 0x0000000715200000|  0%| F|  |TAMS 0x0000000715000000| PB 0x0000000715000000| Untracked 
| 124|0x0000000715200000, 0x0000000715200000, 0x0000000715400000|  0%| F|  |TAMS 0x0000000715200000| PB 0x0000000715200000| Untracked 
| 125|0x0000000715400000, 0x0000000715400000, 0x0000000715600000|  0%| F|  |TAMS 0x0000000715400000| PB 0x0000000715400000| Untracked 
| 126|0x0000000715600000, 0x0000000715600000, 0x0000000715800000|  0%| F|  |TAMS 0x0000000715600000| PB 0x0000000715600000| Untracked 
| 127|0x0000000715800000, 0x0000000715800000, 0x0000000715a00000|  0%| F|  |TAMS 0x0000000715800000| PB 0x0000000715800000| Untracked 
| 128|0x0000000715a00000, 0x0000000715a00000, 0x0000000715c00000|  0%| F|  |TAMS 0x0000000715a00000| PB 0x0000000715a00000| Untracked 
| 129|0x0000000715c00000, 0x0000000715c00000, 0x0000000715e00000|  0%| F|  |TAMS 0x0000000715c00000| PB 0x0000000715c00000| Untracked 
| 130|0x0000000715e00000, 0x0000000715e00000, 0x0000000716000000|  0%| F|  |TAMS 0x0000000715e00000| PB 0x0000000715e00000| Untracked 
| 131|0x0000000716000000, 0x0000000716000000, 0x0000000716200000|  0%| F|  |TAMS 0x0000000716000000| PB 0x0000000716000000| Untracked 
| 132|0x0000000716200000, 0x0000000716200000, 0x0000000716400000|  0%| F|  |TAMS 0x0000000716200000| PB 0x0000000716200000| Untracked 
| 133|0x0000000716400000, 0x0000000716400000, 0x0000000716600000|  0%| F|  |TAMS 0x0000000716400000| PB 0x0000000716400000| Untracked 
| 134|0x0000000716600000, 0x0000000716600000, 0x0000000716800000|  0%| F|  |TAMS 0x0000000716600000| PB 0x0000000716600000| Untracked 
| 135|0x0000000716800000, 0x0000000716800000, 0x0000000716a00000|  0%| F|  |TAMS 0x0000000716800000| PB 0x0000000716800000| Untracked 
| 136|0x0000000716a00000, 0x0000000716a00000, 0x0000000716c00000|  0%| F|  |TAMS 0x0000000716a00000| PB 0x0000000716a00000| Untracked 
| 137|0x0000000716c00000, 0x0000000716c00000, 0x0000000716e00000|  0%| F|  |TAMS 0x0000000716c00000| PB 0x0000000716c00000| Untracked 
| 138|0x0000000716e00000, 0x0000000716e00000, 0x0000000717000000|  0%| F|  |TAMS 0x0000000716e00000| PB 0x0000000716e00000| Untracked 
| 139|0x0000000717000000, 0x0000000717000000, 0x0000000717200000|  0%| F|  |TAMS 0x0000000717000000| PB 0x0000000717000000| Untracked 
| 140|0x0000000717200000, 0x0000000717200000, 0x0000000717400000|  0%| F|  |TAMS 0x0000000717200000| PB 0x0000000717200000| Untracked 
| 141|0x0000000717400000, 0x0000000717400000, 0x0000000717600000|  0%| F|  |TAMS 0x0000000717400000| PB 0x0000000717400000| Untracked 
| 142|0x0000000717600000, 0x0000000717600000, 0x0000000717800000|  0%| F|  |TAMS 0x0000000717600000| PB 0x0000000717600000| Untracked 
| 143|0x0000000717800000, 0x0000000717800000, 0x0000000717a00000|  0%| F|  |TAMS 0x0000000717800000| PB 0x0000000717800000| Untracked 
| 144|0x0000000717a00000, 0x0000000717a00000, 0x0000000717c00000|  0%| F|  |TAMS 0x0000000717a00000| PB 0x0000000717a00000| Untracked 
| 145|0x0000000717c00000, 0x0000000717c00000, 0x0000000717e00000|  0%| F|  |TAMS 0x0000000717c00000| PB 0x0000000717c00000| Untracked 
| 146|0x0000000717e00000, 0x0000000717e00000, 0x0000000718000000|  0%| F|  |TAMS 0x0000000717e00000| PB 0x0000000717e00000| Untracked 
| 147|0x0000000718000000, 0x0000000718000000, 0x0000000718200000|  0%| F|  |TAMS 0x0000000718000000| PB 0x0000000718000000| Untracked 
| 148|0x0000000718200000, 0x0000000718200000, 0x0000000718400000|  0%| F|  |TAMS 0x0000000718200000| PB 0x0000000718200000| Untracked 
| 149|0x0000000718400000, 0x0000000718400000, 0x0000000718600000|  0%| F|  |TAMS 0x0000000718400000| PB 0x0000000718400000| Untracked 
| 150|0x0000000718600000, 0x0000000718600000, 0x0000000718800000|  0%| F|  |TAMS 0x0000000718600000| PB 0x0000000718600000| Untracked 
| 151|0x0000000718800000, 0x0000000718800000, 0x0000000718a00000|  0%| F|  |TAMS 0x0000000718800000| PB 0x0000000718800000| Untracked 
| 152|0x0000000718a00000, 0x0000000718a00000, 0x0000000718c00000|  0%| F|  |TAMS 0x0000000718a00000| PB 0x0000000718a00000| Untracked 
| 153|0x0000000718c00000, 0x0000000718c00000, 0x0000000718e00000|  0%| F|  |TAMS 0x0000000718c00000| PB 0x0000000718c00000| Untracked 
| 154|0x0000000718e00000, 0x0000000718e00000, 0x0000000719000000|  0%| F|  |TAMS 0x0000000718e00000| PB 0x0000000718e00000| Untracked 
| 155|0x0000000719000000, 0x0000000719000000, 0x0000000719200000|  0%| F|  |TAMS 0x0000000719000000| PB 0x0000000719000000| Untracked 
| 156|0x0000000719200000, 0x0000000719200000, 0x0000000719400000|  0%| F|  |TAMS 0x0000000719200000| PB 0x0000000719200000| Untracked 
| 157|0x0000000719400000, 0x0000000719400000, 0x0000000719600000|  0%| F|  |TAMS 0x0000000719400000| PB 0x0000000719400000| Untracked 
| 158|0x0000000719600000, 0x0000000719600000, 0x0000000719800000|  0%| F|  |TAMS 0x0000000719600000| PB 0x0000000719600000| Untracked 
| 159|0x0000000719800000, 0x0000000719800000, 0x0000000719a00000|  0%| F|  |TAMS 0x0000000719800000| PB 0x0000000719800000| Untracked 
| 160|0x0000000719a00000, 0x0000000719a00000, 0x0000000719c00000|  0%| F|  |TAMS 0x0000000719a00000| PB 0x0000000719a00000| Untracked 
| 161|0x0000000719c00000, 0x0000000719c00000, 0x0000000719e00000|  0%| F|  |TAMS 0x0000000719c00000| PB 0x0000000719c00000| Untracked 
| 162|0x0000000719e00000, 0x0000000719e00000, 0x000000071a000000|  0%| F|  |TAMS 0x0000000719e00000| PB 0x0000000719e00000| Untracked 
| 163|0x000000071a000000, 0x000000071a000000, 0x000000071a200000|  0%| F|  |TAMS 0x000000071a000000| PB 0x000000071a000000| Untracked 
| 164|0x000000071a200000, 0x000000071a200000, 0x000000071a400000|  0%| F|  |TAMS 0x000000071a200000| PB 0x000000071a200000| Untracked 
| 165|0x000000071a400000, 0x000000071a400000, 0x000000071a600000|  0%| F|  |TAMS 0x000000071a400000| PB 0x000000071a400000| Untracked 
| 166|0x000000071a600000, 0x000000071a600000, 0x000000071a800000|  0%| F|  |TAMS 0x000000071a600000| PB 0x000000071a600000| Untracked 
| 167|0x000000071a800000, 0x000000071a800000, 0x000000071aa00000|  0%| F|  |TAMS 0x000000071a800000| PB 0x000000071a800000| Untracked 
| 168|0x000000071aa00000, 0x000000071aa00000, 0x000000071ac00000|  0%| F|  |TAMS 0x000000071aa00000| PB 0x000000071aa00000| Untracked 
| 169|0x000000071ac00000, 0x000000071ac00000, 0x000000071ae00000|  0%| F|  |TAMS 0x000000071ac00000| PB 0x000000071ac00000| Untracked 
| 170|0x000000071ae00000, 0x000000071ae00000, 0x000000071b000000|  0%| F|  |TAMS 0x000000071ae00000| PB 0x000000071ae00000| Untracked 
| 171|0x000000071b000000, 0x000000071b000000, 0x000000071b200000|  0%| F|  |TAMS 0x000000071b000000| PB 0x000000071b000000| Untracked 
| 172|0x000000071b200000, 0x000000071b200000, 0x000000071b400000|  0%| F|  |TAMS 0x000000071b200000| PB 0x000000071b200000| Untracked 
| 173|0x000000071b400000, 0x000000071b400000, 0x000000071b600000|  0%| F|  |TAMS 0x000000071b400000| PB 0x000000071b400000| Untracked 
| 174|0x000000071b600000, 0x000000071b600000, 0x000000071b800000|  0%| F|  |TAMS 0x000000071b600000| PB 0x000000071b600000| Untracked 
| 175|0x000000071b800000, 0x000000071b800000, 0x000000071ba00000|  0%| F|  |TAMS 0x000000071b800000| PB 0x000000071b800000| Untracked 
| 176|0x000000071ba00000, 0x000000071ba00000, 0x000000071bc00000|  0%| F|  |TAMS 0x000000071ba00000| PB 0x000000071ba00000| Untracked 
| 177|0x000000071bc00000, 0x000000071bc00000, 0x000000071be00000|  0%| F|  |TAMS 0x000000071bc00000| PB 0x000000071bc00000| Untracked 
| 178|0x000000071be00000, 0x000000071be00000, 0x000000071c000000|  0%| F|  |TAMS 0x000000071be00000| PB 0x000000071be00000| Untracked 
| 179|0x000000071c000000, 0x000000071c000000, 0x000000071c200000|  0%| F|  |TAMS 0x000000071c000000| PB 0x000000071c000000| Untracked 
| 180|0x000000071c200000, 0x000000071c200000, 0x000000071c400000|  0%| F|  |TAMS 0x000000071c200000| PB 0x000000071c200000| Untracked 
| 181|0x000000071c400000, 0x000000071c400000, 0x000000071c600000|  0%| F|  |TAMS 0x000000071c400000| PB 0x000000071c400000| Untracked 
| 182|0x000000071c600000, 0x000000071c600000, 0x000000071c800000|  0%| F|  |TAMS 0x000000071c600000| PB 0x000000071c600000| Untracked 
| 183|0x000000071c800000, 0x000000071c800000, 0x000000071ca00000|  0%| F|  |TAMS 0x000000071c800000| PB 0x000000071c800000| Untracked 
| 184|0x000000071ca00000, 0x000000071ca00000, 0x000000071cc00000|  0%| F|  |TAMS 0x000000071ca00000| PB 0x000000071ca00000| Untracked 
| 185|0x000000071cc00000, 0x000000071cc00000, 0x000000071ce00000|  0%| F|  |TAMS 0x000000071cc00000| PB 0x000000071cc00000| Untracked 
| 186|0x000000071ce00000, 0x000000071ce00000, 0x000000071d000000|  0%| F|  |TAMS 0x000000071ce00000| PB 0x000000071ce00000| Untracked 
| 187|0x000000071d000000, 0x000000071d000000, 0x000000071d200000|  0%| F|  |TAMS 0x000000071d000000| PB 0x000000071d000000| Untracked 
| 188|0x000000071d200000, 0x000000071d200000, 0x000000071d400000|  0%| F|  |TAMS 0x000000071d200000| PB 0x000000071d200000| Untracked 
| 189|0x000000071d400000, 0x000000071d400000, 0x000000071d600000|  0%| F|  |TAMS 0x000000071d400000| PB 0x000000071d400000| Untracked 
| 190|0x000000071d600000, 0x000000071d600000, 0x000000071d800000|  0%| F|  |TAMS 0x000000071d600000| PB 0x000000071d600000| Untracked 
| 191|0x000000071d800000, 0x000000071d9346e0, 0x000000071da00000| 60%| S|CS|TAMS 0x000000071d800000| PB 0x000000071d800000| Complete 
| 192|0x000000071da00000, 0x000000071dc00000, 0x000000071dc00000|100%| S|CS|TAMS 0x000000071da00000| PB 0x000000071da00000| Complete 
| 193|0x000000071dc00000, 0x000000071de00000, 0x000000071de00000|100%| S|CS|TAMS 0x000000071dc00000| PB 0x000000071dc00000| Complete 
| 194|0x000000071de00000, 0x000000071de00000, 0x000000071e000000|  0%| F|  |TAMS 0x000000071de00000| PB 0x000000071de00000| Untracked 
| 195|0x000000071e000000, 0x000000071e000000, 0x000000071e200000|  0%| F|  |TAMS 0x000000071e000000| PB 0x000000071e000000| Untracked 
| 196|0x000000071e200000, 0x000000071e200000, 0x000000071e400000|  0%| F|  |TAMS 0x000000071e200000| PB 0x000000071e200000| Untracked 
| 197|0x000000071e400000, 0x000000071e400000, 0x000000071e600000|  0%| F|  |TAMS 0x000000071e400000| PB 0x000000071e400000| Untracked 

Card table byte_map: [0x0000013b24cf0000,0x0000013b254d0000] _byte_map_base: 0x0000013b214c3000

Marking Bits: (CMBitMap*) 0x0000013b0cbf3820
 Bits: [0x0000013b254d0000, 0x0000013b29368000)

Polling page: 0x0000013b0aac0000

Metaspace:

Usage:
  Non-class:     51.74 MB used.
      Class:      7.36 MB used.
       Both:     59.10 MB used.

Virtual space:
  Non-class space:       64.00 MB reserved,      51.94 MB ( 81%) committed,  1 nodes.
      Class space:        1.00 GB reserved,       7.56 MB ( <1%) committed,  1 nodes.
             Both:        1.06 GB reserved,      59.50 MB (  5%) committed. 

Chunk freelists:
   Non-Class:  11.81 MB
       Class:  8.42 MB
        Both:  20.23 MB

MaxMetaspaceSize: unlimited
CompressedClassSpaceSize: 1.00 GB
Initial GC threshold: 21.00 MB
Current GC threshold: 59.50 MB
CDS: on
 - commit_granule_bytes: 65536.
 - commit_granule_words: 8192.
 - virtual_space_node_default_size: 8388608.
 - enlarge_chunks_in_place: 1.
 - use_allocation_guard: 0.


Internal statistics:

num_allocs_failed_limit: 15.
num_arena_births: 712.
num_arena_deaths: 148.
num_vsnodes_births: 2.
num_vsnodes_deaths: 0.
num_space_committed: 952.
num_space_uncommitted: 0.
num_chunks_returned_to_freelist: 181.
num_chunks_taken_from_freelist: 2674.
num_chunk_merges: 57.
num_chunk_splits: 1894.
num_chunks_enlarged: 1473.
num_inconsistent_stats: 0.

CodeHeap 'non-profiled nmethods': size=120000Kb used=4310Kb max_used=4310Kb free=115689Kb
 bounds [0x0000013b1ca90000, 0x0000013b1ced0000, 0x0000013b23fc0000]
CodeHeap 'profiled nmethods': size=120000Kb used=13992Kb max_used=13992Kb free=106008Kb
 bounds [0x0000013b14fc0000, 0x0000013b15d70000, 0x0000013b1c4f0000]
CodeHeap 'non-nmethods': size=5760Kb used=1766Kb max_used=1787Kb free=3993Kb
 bounds [0x0000013b1c4f0000, 0x0000013b1c760000, 0x0000013b1ca90000]
 total_blobs=7400 nmethods=6628 adapters=675
 compilation: enabled
              stopped_count=0, restarted_count=0
 full_count=0

Compilation events (20 events):
Event: 9478.425 Thread 0x0000013b2bddf790 6977       3       org.antlr.v4.runtime.atn.ATNState::addTransition (15 bytes)
Event: 9478.425 Thread 0x0000013b2bddf790 nmethod 6977 0x0000013b15d69090 code [0x0000013b15d69240, 0x0000013b15d694e8]
Event: 9478.426 Thread 0x0000013b2bddf790 6983       3       org.antlr.v4.runtime.atn.ATNDeserializer::checkCondition (7 bytes)
Event: 9478.426 Thread 0x0000013b2bddf790 nmethod 6983 0x0000013b15d69610 code [0x0000013b15d697c0, 0x0000013b15d69a30]
Event: 9478.426 Thread 0x0000013b2bddf790 6984       3       org.antlr.v4.runtime.atn.ATNDeserializer::checkCondition (14 bytes)
Event: 9478.426 Thread 0x0000013b2bddf790 nmethod 6984 0x0000013b15d69b90 code [0x0000013b15d69d40, 0x0000013b15d69f50]
Event: 9478.426 Thread 0x0000013b2bddf790 6985       1       org.antlr.v4.runtime.atn.ATNState::onlyHasEpsilonTransitions (5 bytes)
Event: 9478.426 Thread 0x0000013b2bddbbe0 6986       4       org.antlr.v4.runtime.atn.ATNState::getNumberOfTransitions (10 bytes)
Event: 9478.426 Thread 0x0000013b2bddf790 nmethod 6985 0x0000013b1cebf910 code [0x0000013b1cebfaa0, 0x0000013b1cebfb70]
Event: 9478.427 Thread 0x0000013b2bddbbe0 nmethod 6986 0x0000013b1cebfc10 code [0x0000013b1cebfda0, 0x0000013b1cebfe68]
Event: 9478.427 Thread 0x0000013b2bddbbe0 6987       4       java.security.CodeSource::<init> (52 bytes)
Event: 9478.429 Thread 0x0000013b2bddbbe0 nmethod 6987 0x0000013b1cebff10 code [0x0000013b1cec00c0, 0x0000013b1cec04d0]
Event: 9478.437 Thread 0x0000013b2bddbbe0 6988       4       sun.net.www.protocol.jar.Handler::parseURL (173 bytes)
Event: 9478.489 Thread 0x0000013b2bddbbe0 nmethod 6988 0x0000013b1cec0a10 code [0x0000013b1cec0cc0, 0x0000013b1cec2a28]
Event: 9478.490 Thread 0x0000013b2bddbbe0 6991       4       jdk.internal.ref.PhantomCleanable::clean (16 bytes)
Event: 9478.493 Thread 0x0000013b2bddbbe0 nmethod 6991 0x0000013b1cec3b10 code [0x0000013b1cec3ce0, 0x0000013b1cec42f0]
Event: 9478.493 Thread 0x0000013b2bddbbe0 6989       4       jdk.internal.loader.URLClassPath$JarLoader$2::getCodeSigners (8 bytes)
Event: 9478.495 Thread 0x0000013b2bddbbe0 nmethod 6989 0x0000013b1cec4510 code [0x0000013b1cec46c0, 0x0000013b1cec48f0]
Event: 9478.512 Thread 0x0000013b2bddbbe0 6992   !   4       java.util.jar.JarFile::checkForSpecialAttributes (163 bytes)
Event: 9478.531 Thread 0x0000013b2bddbbe0 nmethod 6992 0x0000013b1cec4b10 code [0x0000013b1cec4d60, 0x0000013b1cec5518]

GC Heap History (20 events):
Event: 1935.911 GC heap after
{Heap after GC invocations=12 (full 0):
 garbage-first heap   total 221184K, used 51636K [0x0000000705a00000, 0x0000000800000000)
  region size 2048K, 3 young (6144K), 3 survivors (6144K)
 Metaspace       used 22346K, committed 22720K, reserved 1114112K
  class space    used 2443K, committed 2624K, reserved 1048576K
}
Event: 1936.047 GC heap before
{Heap before GC invocations=12 (full 0):
 garbage-first heap   total 221184K, used 174516K [0x0000000705a00000, 0x0000000800000000)
  region size 2048K, 64 young (131072K), 3 survivors (6144K)
 Metaspace       used 22381K, committed 22720K, reserved 1114112K
  class space    used 2444K, committed 2624K, reserved 1048576K
}
Event: 1936.055 GC heap after
{Heap after GC invocations=13 (full 0):
 garbage-first heap   total 221184K, used 62135K [0x0000000705a00000, 0x0000000800000000)
  region size 2048K, 8 young (16384K), 8 survivors (16384K)
 Metaspace       used 22381K, committed 22720K, reserved 1114112K
  class space    used 2444K, committed 2624K, reserved 1048576K
}
Event: 1936.183 GC heap before
{Heap before GC invocations=13 (full 0):
 garbage-first heap   total 221184K, used 174775K [0x0000000705a00000, 0x0000000800000000)
  region size 2048K, 64 young (131072K), 8 survivors (16384K)
 Metaspace       used 22397K, committed 22720K, reserved 1114112K
  class space    used 2444K, committed 2624K, reserved 1048576K
}
Event: 1936.193 GC heap after
{Heap after GC invocations=14 (full 0):
 garbage-first heap   total 221184K, used 75481K [0x0000000705a00000, 0x0000000800000000)
  region size 2048K, 5 young (10240K), 5 survivors (10240K)
 Metaspace       used 22397K, committed 22720K, reserved 1114112K
  class space    used 2444K, committed 2624K, reserved 1048576K
}
Event: 1936.350 GC heap before
{Heap before GC invocations=14 (full 0):
 garbage-first heap   total 221184K, used 190169K [0x0000000705a00000, 0x0000000800000000)
  region size 2048K, 61 young (124928K), 5 survivors (10240K)
 Metaspace       used 22408K, committed 22720K, reserved 1114112K
  class space    used 2445K, committed 2624K, reserved 1048576K
}
Event: 1936.361 GC heap after
{Heap after GC invocations=15 (full 0):
 garbage-first heap   total 221184K, used 89055K [0x0000000705a00000, 0x0000000800000000)
  region size 2048K, 6 young (12288K), 6 survivors (12288K)
 Metaspace       used 22408K, committed 22720K, reserved 1114112K
  class space    used 2445K, committed 2624K, reserved 1048576K
}
Event: 1936.480 GC heap before
{Heap before GC invocations=15 (full 0):
 garbage-first heap   total 221184K, used 191455K [0x0000000705a00000, 0x0000000800000000)
  region size 2048K, 57 young (116736K), 6 survivors (12288K)
 Metaspace       used 22412K, committed 22784K, reserved 1114112K
  class space    used 2445K, committed 2624K, reserved 1048576K
}
Event: 1936.492 GC heap after
{Heap after GC invocations=16 (full 0):
 garbage-first heap   total 405504K, used 102118K [0x0000000705a00000, 0x0000000800000000)
  region size 2048K, 7 young (14336K), 7 survivors (14336K)
 Metaspace       used 22412K, committed 22784K, reserved 1114112K
  class space    used 2445K, committed 2624K, reserved 1048576K
}
Event: 1936.766 GC heap before
{Heap before GC invocations=16 (full 0):
 garbage-first heap   total 405504K, used 327398K [0x0000000705a00000, 0x0000000800000000)
  region size 2048K, 118 young (241664K), 7 survivors (14336K)
 Metaspace       used 22418K, committed 22784K, reserved 1114112K
  class space    used 2445K, committed 2624K, reserved 1048576K
}
Event: 1936.782 GC heap after
{Heap after GC invocations=17 (full 0):
 garbage-first heap   total 405504K, used 121440K [0x0000000705a00000, 0x0000000800000000)
  region size 2048K, 15 young (30720K), 15 survivors (30720K)
 Metaspace       used 22418K, committed 22784K, reserved 1114112K
  class space    used 2445K, committed 2624K, reserved 1048576K
}
Event: 1937.001 GC heap before
{Heap before GC invocations=17 (full 0):
 garbage-first heap   total 405504K, used 334432K [0x0000000705a00000, 0x0000000800000000)
  region size 2048K, 118 young (241664K), 15 survivors (30720K)
 Metaspace       used 22418K, committed 22784K, reserved 1114112K
  class space    used 2445K, committed 2624K, reserved 1048576K
}
Event: 1937.021 GC heap after
{Heap after GC invocations=18 (full 0):
 garbage-first heap   total 405504K, used 147343K [0x0000000705a00000, 0x0000000800000000)
  region size 2048K, 11 young (22528K), 11 survivors (22528K)
 Metaspace       used 22418K, committed 22784K, reserved 1114112K
  class space    used 2445K, committed 2624K, reserved 1048576K
}
Event: 9473.343 GC heap before
{Heap before GC invocations=18 (full 0):
 garbage-first heap   total 405504K, used 296847K [0x0000000705a00000, 0x0000000800000000)
  region size 2048K, 86 young (176128K), 11 survivors (22528K)
 Metaspace       used 35620K, committed 35968K, reserved 1114112K
  class space    used 3912K, committed 4096K, reserved 1048576K
}
Event: 9473.401 GC heap after
{Heap after GC invocations=19 (full 0):
 garbage-first heap   total 405504K, used 167811K [0x0000000705a00000, 0x0000000800000000)
  region size 2048K, 14 young (28672K), 14 survivors (28672K)
 Metaspace       used 35620K, committed 35968K, reserved 1114112K
  class space    used 3912K, committed 4096K, reserved 1048576K
}
Event: 9478.463 GC heap before
{Heap before GC invocations=20 (full 0):
 garbage-first heap   total 405504K, used 247683K [0x0000000705a00000, 0x0000000800000000)
  region size 2048K, 56 young (114688K), 14 survivors (28672K)
 Metaspace       used 59878K, committed 60288K, reserved 1114112K
  class space    used 7342K, committed 7552K, reserved 1048576K
}
Event: 9478.487 GC heap after
{Heap after GC invocations=21 (full 0):
 garbage-first heap   total 405504K, used 170623K [0x0000000705a00000, 0x0000000800000000)
  region size 2048K, 4 young (8192K), 4 survivors (8192K)
 Metaspace       used 59878K, committed 60288K, reserved 1114112K
  class space    used 7342K, committed 7552K, reserved 1048576K
}
Event: 9478.512 GC heap before
{Heap before GC invocations=21 (full 0):
 garbage-first heap   total 405504K, used 170623K [0x0000000705a00000, 0x0000000800000000)
  region size 2048K, 5 young (10240K), 4 survivors (8192K)
 Metaspace       used 60248K, committed 60608K, reserved 1114112K
  class space    used 7456K, committed 7616K, reserved 1048576K
}
Event: 9478.527 GC heap after
{Heap after GC invocations=22 (full 0):
 garbage-first heap   total 405504K, used 147387K [0x0000000705a00000, 0x0000000800000000)
  region size 2048K, 3 young (6144K), 3 survivors (6144K)
 Metaspace       used 60248K, committed 60608K, reserved 1114112K
  class space    used 7456K, committed 7616K, reserved 1048576K
}
Event: 9478.548 GC heap before
{Heap before GC invocations=22 (full 0):
 garbage-first heap   total 405504K, used 147387K [0x0000000705a00000, 0x0000000800000000)
  region size 2048K, 4 young (8192K), 3 survivors (6144K)
 Metaspace       used 60519K, committed 60928K, reserved 1114112K
  class space    used 7535K, committed 7744K, reserved 1048576K
}

Dll operation events (11 events):
Event: 0.011 Loaded shared library C:\Program Files\Java\jdk-21\bin\java.dll
Event: 0.049 Loaded shared library C:\Program Files\Java\jdk-21\bin\jsvml.dll
Event: 0.115 Loaded shared library C:\Program Files\Java\jdk-21\bin\net.dll
Event: 0.117 Loaded shared library C:\Program Files\Java\jdk-21\bin\nio.dll
Event: 0.126 Loaded shared library C:\Program Files\Java\jdk-21\bin\zip.dll
Event: 0.169 Loaded shared library C:\Program Files\Java\jdk-21\bin\jimage.dll
Event: 0.341 Loaded shared library C:\Program Files\Java\jdk-21\bin\verify.dll
Event: 1.056 Loaded shared library C:\Program Files\Java\jdk-21\bin\sunmscapi.dll
Event: 1.105 Loaded shared library C:\Program Files\Java\jdk-21\bin\extnet.dll
Event: 1.113 Loaded shared library C:\Program Files\Java\jdk-21\bin\management.dll
Event: 1.128 Loaded shared library C:\Program Files\Java\jdk-21\bin\management_ext.dll

Deoptimization events (20 events):
Event: 9477.146 Thread 0x0000013b2ca9be70 DEOPT PACKING pc=0x0000013b1ce6c7e4 sp=0x000000160dcfb620
Event: 9477.146 Thread 0x0000013b2ca9be70 DEOPT UNPACKING pc=0x0000013b1c5446a2 sp=0x000000160dcfb5d0 mode 2
Event: 9477.146 Thread 0x0000013b2ca9be70 Uncommon trap: trap_request=0xffffffc6 fr.pc=0x0000013b1ce6c7e4 relative=0x0000000000000304
Event: 9477.146 Thread 0x0000013b2ca9be70 Uncommon trap: reason=bimorphic_or_optimized_type_check action=maybe_recompile pc=0x0000013b1ce6c7e4 method=java.util.AbstractList.listIterator()Ljava/util/ListIterator; @ 2 c2
Event: 9477.146 Thread 0x0000013b2ca9be70 DEOPT PACKING pc=0x0000013b1ce6c7e4 sp=0x000000160dcfb620
Event: 9477.146 Thread 0x0000013b2ca9be70 DEOPT UNPACKING pc=0x0000013b1c5446a2 sp=0x000000160dcfb5d0 mode 2
Event: 9477.146 Thread 0x0000013b2ca9be70 Uncommon trap: trap_request=0xffffffc6 fr.pc=0x0000013b1ce6c7e4 relative=0x0000000000000304
Event: 9477.146 Thread 0x0000013b2ca9be70 Uncommon trap: reason=bimorphic_or_optimized_type_check action=maybe_recompile pc=0x0000013b1ce6c7e4 method=java.util.AbstractList.listIterator()Ljava/util/ListIterator; @ 2 c2
Event: 9477.146 Thread 0x0000013b2ca9be70 DEOPT PACKING pc=0x0000013b1ce6c7e4 sp=0x000000160dcfb3c0
Event: 9477.146 Thread 0x0000013b2ca9be70 DEOPT UNPACKING pc=0x0000013b1c5446a2 sp=0x000000160dcfb370 mode 2
Event: 9477.146 Thread 0x0000013b2ca9be70 Uncommon trap: trap_request=0xffffffc6 fr.pc=0x0000013b1ce6c7e4 relative=0x0000000000000304
Event: 9477.146 Thread 0x0000013b2ca9be70 Uncommon trap: reason=bimorphic_or_optimized_type_check action=maybe_recompile pc=0x0000013b1ce6c7e4 method=java.util.AbstractList.listIterator()Ljava/util/ListIterator; @ 2 c2
Event: 9477.146 Thread 0x0000013b2ca9be70 DEOPT PACKING pc=0x0000013b1ce6c7e4 sp=0x000000160dcfb3c0
Event: 9477.146 Thread 0x0000013b2ca9be70 DEOPT UNPACKING pc=0x0000013b1c5446a2 sp=0x000000160dcfb370 mode 2
Event: 9477.444 Thread 0x0000013b2ca9be70 DEOPT PACKING pc=0x0000013b15194e03 sp=0x000000160dcfae20
Event: 9477.444 Thread 0x0000013b2ca9be70 DEOPT UNPACKING pc=0x0000013b1c544e42 sp=0x000000160dcfa250 mode 0
Event: 9477.466 Thread 0x0000013b2ca9be70 Uncommon trap: trap_request=0xffffff45 fr.pc=0x0000013b1cb5ca90 relative=0x0000000000000810
Event: 9477.466 Thread 0x0000013b2ca9be70 Uncommon trap: reason=unstable_if action=reinterpret pc=0x0000013b1cb5ca90 method=java.lang.Integer.stringSize(I)I @ 3 c2
Event: 9477.466 Thread 0x0000013b2ca9be70 DEOPT PACKING pc=0x0000013b1cb5ca90 sp=0x000000160dcfbb80
Event: 9477.466 Thread 0x0000013b2ca9be70 DEOPT UNPACKING pc=0x0000013b1c5446a2 sp=0x000000160dcfbae0 mode 2

Classes loaded (20 events):
Event: 9475.797 Loading class java/lang/foreign/MemoryLayout done
Event: 9475.797 Loading class java/lang/foreign/ValueLayout done
Event: 9475.810 Loading class jdk/internal/org/objectweb/asm/ClassReader
Event: 9475.811 Loading class jdk/internal/org/objectweb/asm/ClassReader done
Event: 9476.485 Loading class java/security/CodeSigner
Event: 9476.485 Loading class java/security/CodeSigner done
Event: 9478.293 Loading class javax/naming/Context
Event: 9478.294 Loading class javax/naming/Context done
Event: 9478.294 Loading class javax/naming/event/NamingListener
Event: 9478.294 Loading class javax/naming/event/NamingListener done
Event: 9478.294 Loading class javax/naming/InvalidNameException
Event: 9478.294 Loading class javax/naming/InvalidNameException done
Event: 9478.295 Loading class javax/naming/event/NamespaceChangeListener
Event: 9478.295 Loading class javax/naming/event/NamespaceChangeListener done
Event: 9478.384 Loading class java/util/EmptyStackException
Event: 9478.385 Loading class java/util/EmptyStackException done
Event: 9478.406 Loading class java/io/InvalidClassException
Event: 9478.406 Loading class java/io/InvalidClassException done
Event: 9478.415 Loading class java/util/ArrayList$ListItr
Event: 9478.415 Loading class java/util/ArrayList$ListItr done

Classes unloaded (20 events):
Event: 9473.508 Thread 0x0000013b2bda9280 Unloading class 0x0000013b2e12b400 'java/lang/invoke/LambdaForm$MH+0x0000013b2e12b400'
Event: 9473.508 Thread 0x0000013b2bda9280 Unloading class 0x0000013b2e12a000 'java/lang/invoke/LambdaForm$DMH+0x0000013b2e12a000'
Event: 9473.508 Thread 0x0000013b2bda9280 Unloading class 0x0000013b2e115400 'java/lang/invoke/LambdaForm$MH+0x0000013b2e115400'
Event: 9473.508 Thread 0x0000013b2bda9280 Unloading class 0x0000013b2e114c00 'java/lang/invoke/LambdaForm$MH+0x0000013b2e114c00'
Event: 9473.508 Thread 0x0000013b2bda9280 Unloading class 0x0000013b2e114400 'java/lang/invoke/LambdaForm$MH+0x0000013b2e114400'
Event: 9473.508 Thread 0x0000013b2bda9280 Unloading class 0x0000013b2e114000 'java/lang/invoke/LambdaForm$MH+0x0000013b2e114000'
Event: 9473.508 Thread 0x0000013b2bda9280 Unloading class 0x0000013b2e101000 'java/lang/invoke/LambdaForm$MH+0x0000013b2e101000'
Event: 9473.508 Thread 0x0000013b2bda9280 Unloading class 0x0000013b2e100400 'java/lang/invoke/LambdaForm$MH+0x0000013b2e100400'
Event: 9473.508 Thread 0x0000013b2bda9280 Unloading class 0x0000013b2e100000 'java/lang/invoke/LambdaForm$MH+0x0000013b2e100000'
Event: 9473.508 Thread 0x0000013b2bda9280 Unloading class 0x0000013b2e0bdc00 'java/lang/invoke/LambdaForm$MH+0x0000013b2e0bdc00'
Event: 9473.508 Thread 0x0000013b2bda9280 Unloading class 0x0000013b2e0bd400 'java/lang/invoke/LambdaForm$MH+0x0000013b2e0bd400'
Event: 9473.508 Thread 0x0000013b2bda9280 Unloading class 0x0000013b2e0bc400 'java/lang/invoke/LambdaForm$MH+0x0000013b2e0bc400'
Event: 9473.508 Thread 0x0000013b2bda9280 Unloading class 0x0000013b2e0b5000 'java/lang/invoke/LambdaForm$MH+0x0000013b2e0b5000'
Event: 9473.508 Thread 0x0000013b2bda9280 Unloading class 0x0000013b2e0b4800 'java/lang/invoke/LambdaForm$MH+0x0000013b2e0b4800'
Event: 9473.508 Thread 0x0000013b2bda9280 Unloading class 0x0000013b2e026c00 'java/lang/invoke/LambdaForm$MH+0x0000013b2e026c00'
Event: 9473.508 Thread 0x0000013b2bda9280 Unloading class 0x0000013b2e026800 'java/lang/invoke/LambdaForm$MH+0x0000013b2e026800'
Event: 9473.508 Thread 0x0000013b2bda9280 Unloading class 0x0000013b2e025800 'java/lang/invoke/LambdaForm$MH+0x0000013b2e025800'
Event: 9473.508 Thread 0x0000013b2bda9280 Unloading class 0x0000013b2e025400 'java/lang/invoke/LambdaForm$MH+0x0000013b2e025400'
Event: 9473.508 Thread 0x0000013b2bda9280 Unloading class 0x0000013b2e00c800 'java/lang/invoke/LambdaForm$DMH+0x0000013b2e00c800'
Event: 9473.508 Thread 0x0000013b2bda9280 Unloading class 0x0000013b2e006000 'java/lang/invoke/LambdaForm$DMH+0x0000013b2e006000'

Classes redefined (0 events):
No events

Internal exceptions (20 events):
Event: 9475.129 Thread 0x0000013b2ca9be70 Exception <a 'java/lang/NoSuchMethodError'{0x000000071c7c9bf0}: 'java.lang.Object java.lang.invoke.DirectMethodHandle$Holder.invokeStaticInit(java.lang.Object, java.lang.Object, int, java.lang.Object)'> (0x000000071c7c9bf0) 
thrown [s\open\src\hotspot\share\interpreter\linkResolver.cpp, line 773]
Event: 9475.877 Thread 0x0000013b2ca9be70 Exception <a 'java/lang/NoSuchMethodError'{0x000000071b66b2a0}: 'void java.lang.invoke.Invokers$Holder.invokeExact_MT(java.lang.Object, java.lang.Object, java.lang.Object)'> (0x000000071b66b2a0) 
thrown [s\open\src\hotspot\share\interpreter\linkResolver.cpp, line 773]
Event: 9476.493 Thread 0x0000013b2ca9be70 Exception <a 'java/lang/NoSuchMethodError'{0x000000071a8b35a0}: 'void java.lang.invoke.DirectMethodHandle$Holder.invokeStaticInit(java.lang.Object, int, java.lang.Object, java.lang.Object, java.lang.Object, java.lang.Object)'> (0x000000071a8b35a0) 
thrown [s\open\src\hotspot\share\interpreter\linkResolver.cpp, line 773]
Event: 9476.585 Thread 0x0000013b2ca9be70 Exception <a 'java/lang/NoSuchMethodError'{0x000000071a69dfd0}: 'int java.lang.invoke.DirectMethodHandle$Holder.invokeStatic(java.lang.Object, java.lang.Object, java.lang.Object, java.lang.Object, java.lang.Object)'> (0x000000071a69dfd0) 
thrown [s\open\src\hotspot\share\interpreter\linkResolver.cpp, line 773]
Event: 9476.588 Thread 0x0000013b2ca9be70 Exception <a 'java/lang/NoSuchMethodError'{0x000000071a6afbe0}: 'java.lang.Object java.lang.invoke.DirectMethodHandle$Holder.newInvokeSpecial(java.lang.Object, java.lang.Object, java.lang.Object, java.lang.Object, java.lang.Object, java.lang.Object, java.lang.Object)'> (0x000000071a6afbe0) 
thrown [s\open\src\hotspot\share\interpreter\linkResolver.cpp, line 773]
Event: 9476.655 Thread 0x0000013b2ca9be70 Exception <a 'java/lang/NoSuchMethodError'{0x000000071a782130}: 'void java.lang.invoke.DirectMethodHandle$Holder.invokeStatic(java.lang.Object, java.lang.Object, java.lang.Object, int, java.lang.Object)'> (0x000000071a782130) 
thrown [s\open\src\hotspot\share\interpreter\linkResolver.cpp, line 773]
Event: 9476.657 Thread 0x0000013b2ca9be70 Exception <a 'java/lang/NoSuchMethodError'{0x000000071a78c5f8}: 'void java.lang.invoke.DirectMethodHandle$Holder.invokeInterface(java.lang.Object, java.lang.Object, int, java.lang.Object)'> (0x000000071a78c5f8) 
thrown [s\open\src\hotspot\share\interpreter\linkResolver.cpp, line 773]
Event: 9476.666 Thread 0x0000013b2ca9be70 Exception <a 'java/lang/NoSuchMethodError'{0x000000071a7ade40}: 'java.lang.Object java.lang.invoke.DirectMethodHandle$Holder.newInvokeSpecial(java.lang.Object, java.lang.Object, int, java.lang.Object)'> (0x000000071a7ade40) 
thrown [s\open\src\hotspot\share\interpreter\linkResolver.cpp, line 773]
Event: 9476.667 Thread 0x0000013b2ca9be70 Exception <a 'java/lang/NoSuchMethodError'{0x000000071a7b1c20}: 'java.lang.Object java.lang.invoke.DirectMethodHandle$Holder.invokeSpecial(java.lang.Object, java.lang.Object, java.lang.Object, int, java.lang.Object)'> (0x000000071a7b1c20) 
thrown [s\open\src\hotspot\share\interpreter\linkResolver.cpp, line 773]
Event: 9476.701 Thread 0x0000013b2ca9be70 Exception <a 'java/lang/NoSuchMethodError'{0x000000071a4404b8}: 'void java.lang.invoke.DirectMethodHandle$Holder.invokeInterface(java.lang.Object, java.lang.Object, java.lang.Object)'> (0x000000071a4404b8) 
thrown [s\open\src\hotspot\share\interpreter\linkResolver.cpp, line 773]
Event: 9476.702 Thread 0x0000013b2ca9be70 Exception <a 'java/lang/IncompatibleClassChangeError'{0x000000071a443af8}: Found class java.lang.Object, but interface was expected> (0x000000071a443af8) 
thrown [s\open\src\hotspot\share\interpreter\linkResolver.cpp, line 840]
Event: 9476.747 Thread 0x0000013b2ca9be70 Exception <a 'java/lang/NoSuchMethodError'{0x000000071a28d010}: 'java.lang.Object java.lang.invoke.DirectMethodHandle$Holder.newInvokeSpecial(java.lang.Object, java.lang.Object, java.lang.Object, java.lang.Object, java.lang.Object, int)'> (0x000000071a28d010) 
thrown [s\open\src\hotspot\share\interpreter\linkResolver.cpp, line 773]
Event: 9476.747 Thread 0x0000013b2ca9be70 Exception <a 'java/lang/NoSuchMethodError'{0x000000071a291308}: 'java.lang.Object java.lang.invoke.DirectMethodHandle$Holder.invokeSpecial(java.lang.Object, java.lang.Object, java.lang.Object, java.lang.Object, java.lang.Object, java.lang.Object, int)'> (0x000000071a291308) 
thrown [s\open\src\hotspot\share\interpreter\linkResolver.cpp, line 773]
Event: 9476.758 Thread 0x0000013b2ca9be70 Exception <a 'java/lang/NoSuchMethodError'{0x000000071a2cc1e0}: 'java.lang.Object java.lang.invoke.DirectMethodHandle$Holder.newInvokeSpecial(java.lang.Object, java.lang.Object, java.lang.Object, java.lang.Object, java.lang.Object, java.lang.Object, java.lang.Object, java.lang.Object, java.lang.Object, java.lang.Object, java.lang.Object)'> (0x000000071a2cc1e0) 
thrown [s\open\src\hotspot\share\interpreter\linkResolver.cpp, line 773]
Event: 9476.898 Thread 0x0000013b2ca9be70 Exception <a 'java/lang/NoSuchMethodError'{0x000000071a07bff8}: 'java.lang.Object java.lang.invoke.DirectMethodHandle$Holder.newInvokeSpecial(java.lang.Object, java.lang.Object, int, java.lang.Object, int, java.lang.Object, java.lang.Object)'> (0x000000071a07bff8) 
thrown [s\open\src\hotspot\share\interpreter\linkResolver.cpp, line 773]
Event: 9476.929 Thread 0x0000013b2ca9be70 Exception <a 'java/lang/NoSuchMethodError'{0x000000071a0da608}: 'void java.lang.invoke.DirectMethodHandle$Holder.invokeStatic(java.lang.Object, java.lang.Object, java.lang.Object, java.lang.Object, java.lang.Object, int, java.lang.Object)'> (0x000000071a0da608) 
thrown [s\open\src\hotspot\share\interpreter\linkResolver.cpp, line 773]
Event: 9477.071 Thread 0x0000013b2ca9be70 Exception <a 'java/lang/NoSuchMethodError'{0x000000071a1c5360}: 'java.lang.Object java.lang.invoke.DirectMethodHandle$Holder.newInvokeSpecial(java.lang.Object, java.lang.Object, java.lang.Object, java.lang.Object, java.lang.Object, java.lang.Object, java.lang.Object, int)'> (0x000000071a1c5360) 
thrown [s\open\src\hotspot\share\interpreter\linkResolver.cpp, line 773]
Event: 9477.072 Thread 0x0000013b2ca9be70 Exception <a 'java/lang/NoSuchMethodError'{0x000000071a1c9b70}: 'java.lang.Object java.lang.invoke.DirectMethodHandle$Holder.invokeSpecial(java.lang.Object, java.lang.Object, java.lang.Object, java.lang.Object, java.lang.Object, java.lang.Object, java.lang.Object, java.lang.Object, int)'> (0x000000071a1c9b70) 
thrown [s\open\src\hotspot\share\interpreter\linkResolver.cpp, line 773]
Event: 9477.126 Thread 0x0000013b2ca9be70 Exception <a 'java/lang/NoSuchMethodError'{0x0000000719e0e9e8}: 'void java.lang.invoke.DirectMethodHandle$Holder.invokeInterface(java.lang.Object, java.lang.Object)'> (0x0000000719e0e9e8) 
thrown [s\open\src\hotspot\share\interpreter\linkResolver.cpp, line 773]
Event: 9478.168 Thread 0x0000013b2ca9be70 Exception <a 'java/lang/NoSuchMethodError'{0x0000000719b6d660}: 'java.lang.Object java.lang.invoke.DirectMethodHandle$Holder.invokeSpecial(java.lang.Object, java.lang.Object, int, java.lang.Object, int)'> (0x0000000719b6d660) 
thrown [s\open\src\hotspot\share\interpreter\linkResolver.cpp, line 773]

ZGC Phase Switch (0 events):
No events

VM Operations (20 events):
Event: 9476.377 Executing VM operation: ICBufferFull done
Event: 9476.980 Executing VM operation: HandshakeAllThreads (Deoptimize)
Event: 9476.980 Executing VM operation: HandshakeAllThreads (Deoptimize) done
Event: 9477.404 Executing VM operation: HandshakeAllThreads (Deoptimize)
Event: 9477.405 Executing VM operation: HandshakeAllThreads (Deoptimize) done
Event: 9477.405 Executing VM operation: Cleanup
Event: 9477.405 Executing VM operation: Cleanup done
Event: 9478.417 Executing VM operation: HandshakeAllThreads (Deoptimize)
Event: 9478.417 Executing VM operation: HandshakeAllThreads (Deoptimize) done
Event: 9478.417 Executing VM operation: Cleanup
Event: 9478.417 Executing VM operation: Cleanup done
Event: 9478.422 Executing VM operation: HandshakeAllThreads (Deoptimize)
Event: 9478.423 Executing VM operation: HandshakeAllThreads (Deoptimize) done
Event: 9478.433 Executing VM operation: HandshakeAllThreads (Deoptimize)
Event: 9478.433 Executing VM operation: HandshakeAllThreads (Deoptimize) done
Event: 9478.463 Executing VM operation: CollectForMetadataAllocation (Metadata GC Threshold)
Event: 9478.487 Executing VM operation: CollectForMetadataAllocation (Metadata GC Threshold) done
Event: 9478.512 Executing VM operation: CollectForMetadataAllocation (Metadata GC Threshold)
Event: 9478.527 Executing VM operation: CollectForMetadataAllocation (Metadata GC Threshold) done
Event: 9478.548 Executing VM operation: CollectForMetadataAllocation (Metadata GC Threshold)

Events (20 events):
Event: 9473.521 Thread 0x0000013b2bda9280 flushing nmethod 0x0000013b1cacc990
Event: 9473.521 Thread 0x0000013b2bda9280 flushing nmethod 0x0000013b1cac8010
Event: 9473.521 Thread 0x0000013b2bda9280 flushing nmethod 0x0000013b1cacad90
Event: 9473.521 Thread 0x0000013b2bda9280 flushing nmethod 0x0000013b1cabff10
Event: 9473.521 Thread 0x0000013b2bda9280 flushing nmethod 0x0000013b1cac2590
Event: 9473.521 Thread 0x0000013b2bda9280 flushing nmethod 0x0000013b1caa5d90
Event: 9473.521 Thread 0x0000013b2bda9280 flushing nmethod 0x0000013b1caa2a10
Event: 9473.521 Thread 0x0000013b2bda9280 flushing nmethod 0x0000013b1caa7210
Event: 9473.521 Thread 0x0000013b2bda9280 flushing nmethod 0x0000013b1ca97290
Event: 9473.521 Thread 0x0000013b2bda9280 flushing nmethod 0x0000013b1ca95e10
Event: 9473.521 Thread 0x0000013b2bda9280 flushing nmethod 0x0000013b1ca91490
Event: 9473.521 Thread 0x0000013b2bda9280 flushing nmethod 0x0000013b1caa3010
Event: 9473.521 Thread 0x0000013b2bda9280 flushing nmethod 0x0000013b1ca90010
Event: 9473.935 Thread 0x0000013b73c72250 Thread added: 0x0000013b73c72250
Event: 9473.940 Thread 0x0000013b737ea040 Thread added: 0x0000013b737ea040
Event: 9474.172 Thread 0x0000013b737e4200 Thread added: 0x0000013b737e4200
Event: 9474.551 Thread 0x0000013b737ea040 Thread exited: 0x0000013b737ea040
Event: 9475.234 Thread 0x0000013b73c72250 Thread exited: 0x0000013b73c72250
Event: 9475.583 Thread 0x0000013b75d2c160 Thread added: 0x0000013b75d2c160
Event: 9476.830 Thread 0x0000013b75d2c160 Thread exited: 0x0000013b75d2c160


Dynamic libraries:
0x00007ff74d500000 - 0x00007ff74d510000 	C:\Program Files\Java\jdk-21\bin\java.exe
0x00007ff899a50000 - 0x00007ff899c66000 	C:\Windows\SYSTEM32\ntdll.dll
0x00007ff8984d0000 - 0x00007ff898594000 	C:\Windows\System32\KERNEL32.DLL
0x00007ff8973d0000 - 0x00007ff897777000 	C:\Windows\System32\KERNELBASE.dll
0x00007ff896ec0000 - 0x00007ff896fd1000 	C:\Windows\System32\ucrtbase.dll
0x00007ff876450000 - 0x00007ff87646b000 	C:\Program Files\Java\jdk-21\bin\VCRUNTIME140.dll
0x00007ff873bf0000 - 0x00007ff873c09000 	C:\Program Files\Java\jdk-21\bin\jli.dll
0x00007ff8979b0000 - 0x00007ff897a62000 	C:\Windows\System32\ADVAPI32.dll
0x00007ff898640000 - 0x00007ff8986e7000 	C:\Windows\System32\msvcrt.dll
0x00007ff897820000 - 0x00007ff8978c8000 	C:\Windows\System32\sechost.dll
0x00007ff8971c0000 - 0x00007ff8971e8000 	C:\Windows\System32\bcrypt.dll
0x00007ff897c50000 - 0x00007ff897d65000 	C:\Windows\System32\RPCRT4.dll
0x00007ff899860000 - 0x00007ff899a0e000 	C:\Windows\System32\USER32.dll
0x00007ff896d70000 - 0x00007ff896d96000 	C:\Windows\System32\win32u.dll
0x00007ff899180000 - 0x00007ff8991a9000 	C:\Windows\System32\GDI32.dll
0x00007ff871150000 - 0x00007ff8713e3000 	C:\Windows\WinSxS\amd64_microsoft.windows.common-controls_6595b64144ccf1df_6.0.22621.3235_none_270f74e173860f98\COMCTL32.dll
0x00007ff896da0000 - 0x00007ff896eb9000 	C:\Windows\System32\gdi32full.dll
0x00007ff896fe0000 - 0x00007ff89707a000 	C:\Windows\System32\msvcp_win.dll
0x00007ff88e8a0000 - 0x00007ff88e8aa000 	C:\Windows\SYSTEM32\VERSION.dll
0x00007ff897dd0000 - 0x00007ff897e01000 	C:\Windows\System32\IMM32.DLL
0x00007ff891a10000 - 0x00007ff891a1c000 	C:\Program Files\Java\jdk-21\bin\vcruntime140_1.dll
0x00007ff872780000 - 0x00007ff87280e000 	C:\Program Files\Java\jdk-21\bin\msvcp140.dll
0x00007ff844520000 - 0x00007ff845235000 	C:\Program Files\Java\jdk-21\bin\server\jvm.dll
0x00007ff897a70000 - 0x00007ff897ae1000 	C:\Windows\System32\WS2_32.dll
0x00007ff896c40000 - 0x00007ff896c8d000 	C:\Windows\SYSTEM32\POWRPROF.dll
0x00007ff88e1b0000 - 0x00007ff88e1e4000 	C:\Windows\SYSTEM32\WINMM.dll
0x00007ff896c20000 - 0x00007ff896c33000 	C:\Windows\SYSTEM32\UMPDC.dll
0x00007ff895d70000 - 0x00007ff895d88000 	C:\Windows\SYSTEM32\kernel.appcore.dll
0x00007ff8918e0000 - 0x00007ff8918ea000 	C:\Program Files\Java\jdk-21\bin\jimage.dll
0x00007ff894580000 - 0x00007ff8947b3000 	C:\Windows\SYSTEM32\DBGHELP.DLL
0x00007ff8991b0000 - 0x00007ff899538000 	C:\Windows\System32\combase.dll
0x00007ff8978d0000 - 0x00007ff8979a7000 	C:\Windows\System32\OLEAUT32.dll
0x00007ff861270000 - 0x00007ff8612a2000 	C:\Windows\SYSTEM32\dbgcore.DLL
0x00007ff897140000 - 0x00007ff8971b9000 	C:\Windows\System32\bcryptPrimitives.dll
0x00007ff872950000 - 0x00007ff87296f000 	C:\Program Files\Java\jdk-21\bin\java.dll
0x00007ff8986f0000 - 0x00007ff898f4c000 	C:\Windows\System32\SHELL32.dll
0x00007ff894c80000 - 0x00007ff895579000 	C:\Windows\SYSTEM32\windows.storage.dll
0x00007ff894b40000 - 0x00007ff894c7e000 	C:\Windows\SYSTEM32\wintypes.dll
0x00007ff8983d0000 - 0x00007ff8984c3000 	C:\Windows\System32\SHCORE.dll
0x00007ff897d70000 - 0x00007ff897dce000 	C:\Windows\System32\shlwapi.dll
0x00007ff896ca0000 - 0x00007ff896cc1000 	C:\Windows\SYSTEM32\profapi.dll
0x00007ff858d20000 - 0x00007ff858df7000 	C:\Program Files\Java\jdk-21\bin\jsvml.dll
0x00007ff87d210000 - 0x00007ff87d220000 	C:\Program Files\Java\jdk-21\bin\net.dll
0x00007ff88fe10000 - 0x00007ff88ff46000 	C:\Windows\SYSTEM32\WINHTTP.dll
0x00007ff8961d0000 - 0x00007ff896239000 	C:\Windows\system32\mswsock.dll
0x00007ff872930000 - 0x00007ff872946000 	C:\Program Files\Java\jdk-21\bin\nio.dll
0x00007ff872910000 - 0x00007ff872928000 	C:\Program Files\Java\jdk-21\bin\zip.dll
0x00007ff87a8a0000 - 0x00007ff87a8b0000 	C:\Program Files\Java\jdk-21\bin\verify.dll
0x00007ff87a200000 - 0x00007ff87a20e000 	C:\Program Files\Java\jdk-21\bin\sunmscapi.dll
0x00007ff8971f0000 - 0x00007ff897357000 	C:\Windows\System32\CRYPT32.dll
0x00007ff896640000 - 0x00007ff89666e000 	C:\Windows\SYSTEM32\ncrypt.dll
0x00007ff896600000 - 0x00007ff896637000 	C:\Windows\SYSTEM32\NTASN1.dll
0x00007ff858550000 - 0x00007ff858558000 	C:\Windows\system32\wshunix.dll
0x00007ff896520000 - 0x00007ff89653b000 	C:\Windows\SYSTEM32\CRYPTSP.dll
0x00007ff895cd0000 - 0x00007ff895d05000 	C:\Windows\system32\rsaenh.dll
0x00007ff896270000 - 0x00007ff896298000 	C:\Windows\SYSTEM32\USERENV.dll
0x00007ff896500000 - 0x00007ff89650c000 	C:\Windows\SYSTEM32\CRYPTBASE.dll
0x00007ff895820000 - 0x00007ff89584d000 	C:\Windows\SYSTEM32\IPHLPAPI.DLL
0x00007ff898630000 - 0x00007ff898639000 	C:\Windows\System32\NSI.dll
0x00007ff873be0000 - 0x00007ff873be7000 	C:\Program Files\Java\jdk-21\bin\extnet.dll
0x00007ff8732f0000 - 0x00007ff8732fa000 	C:\Program Files\Java\jdk-21\bin\management.dll
0x00007ff872ff0000 - 0x00007ff872ffb000 	C:\Program Files\Java\jdk-21\bin\management_ext.dll
0x00007ff898f50000 - 0x00007ff898f58000 	C:\Windows\System32\PSAPI.DLL
0x00007ff895850000 - 0x00007ff895949000 	C:\Windows\SYSTEM32\DNSAPI.dll
0x00007ff886950000 - 0x00007ff88695a000 	C:\Windows\System32\rasadhlp.dll
0x00007ff88d2e0000 - 0x00007ff88d363000 	C:\Windows\System32\fwpuclnt.dll

dbghelp: loaded successfully - version: 4.0.5 - missing functions: none
symbol engine: initialized successfully - sym options: 0x614 - pdb path: .;C:\Program Files\Java\jdk-21\bin;C:\Windows\SYSTEM32;C:\Windows\WinSxS\amd64_microsoft.windows.common-controls_6595b64144ccf1df_6.0.22621.3235_none_270f74e173860f98;C:\Program Files\Java\jdk-21\bin\server

VM Arguments:
jvm_args: -XX:+ShowCodeDetailsInExceptionMessages 
java_command: RestServer
java_class_path (initial): C:\Users\Michael\Desktop\Michael\Mes cours M1\Semestre 2\SIR\TP\tpjpa2023\target\classes;C:\Users\Michael\.m2\repository\org\hibernate\orm\hibernate-core\6.2.7.Final\hibernate-core-6.2.7.Final.jar;C:\Users\Michael\.m2\repository\jakarta\persistence\jakarta.persistence-api\3.1.0\jakarta.persistence-api-3.1.0.jar;C:\Users\Michael\.m2\repository\jakarta\transaction\jakarta.transaction-api\2.0.1\jakarta.transaction-api-2.0.1.jar;C:\Users\Michael\.m2\repository\org\jboss\logging\jboss-logging\3.5.0.Final\jboss-logging-3.5.0.Final.jar;C:\Users\Michael\.m2\repository\org\hibernate\common\hibernate-commons-annotations\6.0.6.Final\hibernate-commons-annotations-6.0.6.Final.jar;C:\Users\Michael\.m2\repository\io\smallrye\jandex\3.0.5\jandex-3.0.5.jar;C:\Users\Michael\.m2\repository\com\fasterxml\classmate\1.5.1\classmate-1.5.1.jar;C:\Users\Michael\.m2\repository\net\bytebuddy\byte-buddy\1.12.18\byte-buddy-1.12.18.jar;C:\Users\Michael\.m2\repository\jakarta\xml\bind\jakarta.xml.bind-api\4.0.0\jakarta.xml.bind-api-4.0.0.jar;C:\Users\Michael\.m2\repository\jakarta\activation\jakarta.activation-api\2.1.0\jakarta.activation-api-2.1.0.jar;C:\Users\Michael\.m2\repository\org\glassfish\jaxb\jaxb-runtime\4.0.2\jaxb-runtime-4.0.2.jar;C:\Users\Michael\.m2\repository\jakarta\inject\jakarta.inject-api\2.0.1\jakarta.inject-api-2.0.1.jar;C:\Users\Michael\.m2\repository\org\antlr\antlr4-runtime\4.10.1\antlr4-runtime-4.10.1.jar;C:\Users\Michael\.m2\repository\org\slf4j\slf4j-log4j12\1.7.30\slf4j-log4j12-1.7.30.jar;C:\Users\Michael\.m2\repository\org\slf4j\slf4j-api\1.7.30\slf4j-api-1.7.30.jar;C:\Users\Michael\.m2\repository\log4j\log4j\1.2.17\log4j-1.2.17.jar;C:\Users\Michael\.m2\repository\org\hsqldb\hsqldb\2.7.2\hsqldb-2.7.2.jar;C:\Users\Michael\.m2\repository\com\mysql\mysql-connector-j\8.1.0\mysql-connector-j-8.1.0.jar;C:\Users\Michael\.m2\repository\com\google\protobuf\protobuf-java\3.21.9\protobuf-java-3.21.9.jar;C:\Users\Michael\.m2\repository\org\jboss\resteasy\resteasy-undertow\6.2.4.Final\resteasy-undertow-6.2.4.Final.jar;C:\Users\Michael\.m2\repository\org\jboss\resteasy\resteasy-core-spi\6.2.4.Final\resteasy-core-spi-6.2.4.Final.jar;C:\Users\Michael\.m2\repository\jakarta\annotation\jakarta.annotation-api\2.1.1\jakarta.annotation-api-2.1.1.jar;C:\Users\Michael\.m2\repository\jakarta\ws\rs\jakarta.ws.rs-api\3.1.0\jakarta.ws.rs-api-3.1.0.jar;C:\Users\Michael\.m2\repository\org\reactivestreams\reactive-streams\1.0.4\reactive-streams-1.0.4.jar;C:\Users\Michael\.m2\repository\jakarta\validation\jakarta.validation-api\3.0.2\jakarta.validation-api-3.0.2.jar;C:\Users\Michael\.m2\repository\org\jboss\resteasy\resteasy-client\6.2.4.Final\resteasy-client-6.2.4.Final.jar;C:\Users\Michael\.m2\repository\org\jboss\resteasy\resteasy-client-api\6.2.4.Final\resteasy-client-api-6.2.4.Final.jar;C:\Users\Michael\.m2\repository\org\jboss\resteasy\resteasy-core\6.2.4.Final\resteasy-core-6.2.4.Final.jar;C:\Users\Michael\.m2\repository\org\jboss\jandex\2.4.3.Final\jandex-2.4.3.Final.jar;C:\Users\Michael\.m2\repository\org\eclipse\angus\angus-activation\1.0.0\angus-activation-1.0.0.jar;C:\Users\Michael\.m2\repository\com\ibm\async\asyncutil\0.1.0\asyncutil-0.1.0.jar;C:\Users\Michael\.m2\repository\org\apache\httpcomponents\httpclient\4.5.14\httpclient-4.5.14.jar;C:\Users\Michael\.m2\repository\org\apache\httpcomponents\httpcore\4.4.16\httpcore-4.4.16.jar;C:\Users\Michael\.m2\repository\commons-logging\commons-logging\1.2\commons-logging-1.2.jar;C:\Users\Michael\.m2\repository\commons-codec\commons-codec\1.15\commons-codec-1.15.jar;C:\Users\Michael\.m2\repository\io\undertow\undertow-servlet\2.3.5.Final\undertow-servlet-2.3.5.Final.jar;C:\Users\Michael\.m2\repository\jakarta\servlet\jakarta.servlet-api\6.0.0\jakarta.servlet-api-6.0.0.jar;C:\Users\Michael\.m2\repository\io\undertow\undertow-core\2.3.5.Final\undertow-core-2.3.5.Final.jar;C:\Users\Michael\.m2\repository\org\jboss\xnio\xnio-api\3.8.8.Final\xnio-api-3.8.8.Final.jar;C:\Users\Michael\.m2\repository\org\wildfly\common\wildfly-common\1.5.4.Final\wildfly-common-1.5.4.Final.jar;C:\Users\Michael\.m2\repository\org\wildfly\client\wildfly-client-config\1.0.1.Final\wildfly-client-config-1.0.1.Final.jar;C:\Users\Michael\.m2\repository\org\jboss\xnio\xnio-nio\3.8.8.Final\xnio-nio-3.8.8.Final.jar;C:\Users\Michael\.m2\repository\org\jboss\threads\jboss-threads\3.5.0.Final\jboss-threads-3.5.0.Final.jar;C:\Users\Michael\.m2\repository\org\jboss\resteasy\resteasy-jackson2-provider\6.2.4.Final\resteasy-jackson2-provider-6.2.4.Final.jar;C:\Users\Michael\.m2\repository\com\fasterxml\jackson\core\jackson-core\2.14.3\jackson-core-2.14.3.jar;C:\Users\Michael\.m2\repository\com\fasterxml\jackson\core\jackson-databind\2.14.3\jackson-databind-2.14.3.jar;C:\Users\Michael\.m2\repository\com\fasterxml\jackson\core\jackson-annotations\2.14.3\jackson-annotations-2.14.3.jar;C:\Users\Michael\.m2\repository\com\fasterxml\jackson\jakarta\rs\jackson-jakarta-rs-base\2.14.3\jackson-jakarta-rs-base-2.14.3.jar;C:\Users\Michael\.m2\repository\com\fasterxml\jackson\jakarta\rs\jackson-jakarta-rs-json-provider\2.14.3\jackson-jakarta-rs-json-provider-2.14.3.jar;C:\Users\Michael\.m2\repository\com\fasterxml\jackson\module\jackson-module-jakarta-xmlbind-annotations\2.14.3\jackson-module-jakarta-xmlbind-annotations-2.14.3.jar;C:\Users\Michael\.m2\repository\com\github\java-json-tools\json-patch\1.13\json-patch-1.13.jar;C:\Users\Michael\.m2\repository\com\github\java-json-tools\msg-simple\1.2\msg-simple-1.2.jar;C:\Users\Michael\.m2\repository\com\github\java-json-tools\btf\1.3\btf-1.3.jar;C:\Users\Michael\.m2\repository\com\github\java-json-tools\jackson-coreutils\2.0\jackson-coreutils-2.0.jar;C:\Users\Michael\.m2\repository\org\jboss\resteasy\resteasy-jaxb-provider\6.2.4.Final\resteasy-jaxb-provider-6.2.4.Final.jar;C:\Users\Michael\.m2\repository\org\glassfish\jaxb\codemodel\4.0.2\codemodel-4.0.2.jar;C:\Users\Michael\.m2\repository\org\glassfish\jaxb\jaxb-core\4.0.2\jaxb-core-4.0.2.jar;C:\Users\Michael\.m2\repository\org\glassfish\jaxb\jaxb-jxc\4.0.2\jaxb-jxc-4.0.2.jar;C:\Users\Michael\.m2\repository\org\glassfish\jaxb\txw2\4.0.2\txw2-4.0.2.jar;C:\Users\Michael\.m2\repository\org\glassfish\jaxb\jaxb-xjc\4.0.2\jaxb-xjc-4.0.2.jar;C:\Users\Michael\.m2\repository\org\glassfish\jaxb\xsom\4.0.2\xsom-4.0.2.jar;C:\Users\Michael\.m2\repository\com\sun\istack\istack-commons-runtime\4.1.2\istack-commons-runtime-4.1.2.jar;C:\Users\Michael\.m2\repository\com\sun\istack\istack-commons-tools\4.1.2\istack-commons-tools-4.1.2.jar;C:\Users\Michael\.m2\repository\com\sun\xml\bind\external\relaxng-datatype\4.0.2\relaxng-datatype-4.0.2.jar;C:\Users\Michael\.m2\repository\com\sun\xml\bind\external\rngom\4.0.2\rngom-4.0.2.jar;C:\Users\Michael\.m2\repository\io\swagger\core\v3\swagger-jaxrs2-jakarta\2.2.15\swagger-jaxrs2-jakarta-2.2.15.jar;C:\Users\Michael\.m2\repository\io\github\classgraph\classgraph\4.8.154\classgraph-4.8.154.jar;C:\Users\Michael\.m2\repository\org\javassist\javassist\3.29.2-GA\javassist-3.29.2-GA.jar;C:\Users\Michael\.m2\repository\io\swagger\core\v3\swagger-models-jakarta\2.2.15\swagger-models-jakarta-2.2.15.jar;C:\Users\Michael\.m2\repository\io\swagger\core\v3\swagger-annotations-jakarta\2.2.15\swagger-annotations-jakarta-2.2.15.jar;C:\Users\Michael\.m2\repository\io\swagger\core\v3\swagger-integration-jakarta\2.2.15\swagger-integration-jakarta-2.2.15.jar;C:\Users\Michael\.m2\repository\io\swagger\core\v3\swagger-core-jakarta\2.2.15\swagger-core-jakarta-2.2.15.jar;C:\Users\Michael\.m2\repository\org\apache\commons\commons-lang3\3.12.0\commons-lang3-3.12.0.jar;C:\Users\Michael\.m2\repository\com\fasterxml\jackson\dataformat\jackson-dataformat-yaml\2.15.1\jackson-dataformat-yaml-2.15.1.jar;C:\Users\Michael\.m2\repository\com\fasterxml\jackson\datatype\jackson-datatype-jsr310\2.15.1\jackson-datatype-jsr310-2.15.1.jar;C:\Users\Michael\.m2\repository\org\yaml\snakeyaml\2.0\snakeyaml-2.0.jar;C:\Users\Michael\.m2\repository\io\swagger\core\v3\swagger-jaxrs2-servlet-initializer-v2\2.2.15\swagger-jaxrs2-servlet-initializer-v2-2.2.15.jar
Launcher Type: SUN_STANDARD

[Global flags]
     intx CICompilerCount                          = 4                                         {product} {ergonomic}
     uint ConcGCThreads                            = 3                                         {product} {ergonomic}
     uint G1ConcRefinementThreads                  = 10                                        {product} {ergonomic}
   size_t G1HeapRegionSize                         = 2097152                                   {product} {ergonomic}
    uintx GCDrainStackTargetSize                   = 64                                        {product} {ergonomic}
   size_t InitialHeapSize                          = 264241152                                 {product} {ergonomic}
   size_t MarkStackSize                            = 4194304                                   {product} {ergonomic}
   size_t MaxHeapSize                              = 4200595456                                {product} {ergonomic}
   size_t MaxNewSize                               = 2518679552                                {product} {ergonomic}
   size_t MinHeapDeltaBytes                        = 2097152                                   {product} {ergonomic}
   size_t MinHeapSize                              = 8388608                                   {product} {ergonomic}
    uintx NonNMethodCodeHeapSize                   = 5839372                                {pd product} {ergonomic}
    uintx NonProfiledCodeHeapSize                  = 122909434                              {pd product} {ergonomic}
    uintx ProfiledCodeHeapSize                     = 122909434                              {pd product} {ergonomic}
    uintx ReservedCodeCacheSize                    = 251658240                              {pd product} {ergonomic}
     bool SegmentedCodeCache                       = true                                      {product} {ergonomic}
     bool ShowCodeDetailsInExceptionMessages       = true                                   {manageable} {command line}
   size_t SoftMaxHeapSize                          = 4200595456                             {manageable} {ergonomic}
     bool UseCompressedOops                        = true                           {product lp64_product} {ergonomic}
     bool UseG1GC                                  = true                                      {product} {ergonomic}
     bool UseLargePagesIndividualAllocation        = false                                  {pd product} {ergonomic}

Logging:
Log output configuration:
 #0: stdout all=warning uptime,level,tags foldmultilines=false
 #1: stderr all=off uptime,level,tags foldmultilines=false

Environment Variables:
JAVA_HOME=C:\Program Files\Java\jdk-21
PATH=C:\Users\Michael\bin;C:\Program Files\Git\mingw64\bin;C:\Program Files\Git\usr\local\bin;C:\Program Files\Git\usr\bin;C:\Program Files\Git\usr\bin;C:\Program Files\Git\mingw64\bin;C:\Program Files\Git\usr\bin;C:\Users\Michael\bin;C:\Python312\Scripts;C:\Python312;C:\Program Files\Common Files\Oracle\Java\javapath;C:\Program Files\Eclipse Adoptium\jdk-17.0.8.101-hotspot\bin;C:\Windows\system32;C:\Windows;C:\Windows\System32\Wbem;C:\Windows\System32\WindowsPowerShell\v1.0;C:\Windows\System32\OpenSSH;C:\Program Files\Microsoft VS Code\bin;C:\Program Files\Git\cmd;C:\wamp64\bin\php\php8.1.13;C:\ProgramData\ComposerSetup\bin;C:\Program Files\nodejs;C:\ProgramData\chocolatey\bin;C:\Users\Michael\AppData\Local\Programs\Python\Python311\Scripts;C:\Users\Michael\AppData\Local\Programs\Python\Python311;C:\Users\Michael\AppData\Local\Microsoft\WindowsApps;C:\Program Files\JetBrains\IntelliJ IDEA 2023.2.2\bin;C:\Users\Michael\AppData\Roaming\Composer\vendor\bin;C:\Users\Michael\Desktop\Michael\Mes cours M1\Semestre 1\NOD\TP\neo4j-community-5.14.0\bin;C:\Users\Michael\.bun\bin;C:\Users\Michael\Desktop\Michael\Mes cours M1\Semestre 2\SIR\apache-maven-3.9.6\bin;C:\Users\Michael\AppData\Roaming\npm;C:\Program Files\Git\usr\bin\vendor_perl;C:\Program Files\Git\usr\bin\core_perl
USERNAME=Michael
SHELL=C:\Program Files\Git\usr\bin\bash.exe
DISPLAY=needs-to-be-defined
LANG=fr_FR.UTF-8
TERM=xterm-256color
TMPDIR=C:\Users\Michael\AppData\Local\Temp
OS=Windows_NT
PROCESSOR_IDENTIFIER=Intel64 Family 6 Model 186 Stepping 3, GenuineIntel
TMP=C:\Users\Michael\AppData\Local\Temp
TEMP=C:\Users\Michael\AppData\Local\Temp




Periodic native trim disabled

---------------  S Y S T E M  ---------------

OS:
 Windows 11 , 64 bit Build 22621 (10.0.22621.3374)
OS uptime: 3 days 16:32 hours
Hyper-V role detected

CPU: total 12 (initial active 12) (6 cores per cpu, 2 threads per core) family 6 model 186 stepping 3 microcode 0x411d, cx8, cmov, fxsr, ht, mmx, 3dnowpref, sse, sse2, sse3, ssse3, sse4.1, sse4.2, popcnt, lzcnt, tsc, tscinvbit, avx, avx2, aes, erms, clmul, bmi1, bmi2, adx, sha, fma, vzeroupper, clflush, clflushopt, clwb, hv, serialize, rdtscp, rdpid, fsrm, f16c, cet_ibt, cet_ss
Processor Information for processor 0
  Max Mhz: 1300, Current Mhz: 1300, Mhz Limit: 1300
Processor Information for processor 1
  Max Mhz: 1300, Current Mhz: 1300, Mhz Limit: 1300
Processor Information for processor 2
  Max Mhz: 1300, Current Mhz: 1300, Mhz Limit: 1300
Processor Information for processor 3
  Max Mhz: 1300, Current Mhz: 1300, Mhz Limit: 1300
Processor Information for processor 4
  Max Mhz: 1300, Current Mhz: 900, Mhz Limit: 897
Processor Information for processor 5
  Max Mhz: 1300, Current Mhz: 900, Mhz Limit: 897
Processor Information for processor 6
  Max Mhz: 1300, Current Mhz: 900, Mhz Limit: 897
Processor Information for processor 7
  Max Mhz: 1300, Current Mhz: 900, Mhz Limit: 897
Processor Information for processor 8
  Max Mhz: 1300, Current Mhz: 900, Mhz Limit: 897
Processor Information for processor 9
  Max Mhz: 1300, Current Mhz: 900, Mhz Limit: 897
Processor Information for processor 10
  Max Mhz: 1300, Current Mhz: 900, Mhz Limit: 897
Processor Information for processor 11
  Max Mhz: 1300, Current Mhz: 900, Mhz Limit: 897

Memory: 4k page, system-wide physical 16016M (969M free)
TotalPageFile size 27644M (AvailPageFile size 344M)
current process WorkingSet (physical memory assigned to process): 514M, peak: 550M
current process commit charge ("private bytes"): 616M, peak: 1058M

vm_info: Java HotSpot(TM) 64-Bit Server VM (21.0.1+12-LTS-29) for windows-amd64 JRE (21.0.1+12-LTS-29), built on 2023-10-05T13:27:09Z by "mach5one" with MS VC++ 17.1 (VS2022)

END.
